kotlin version: 1.8.21
error message: org.jetbrains.kotlin.backend.common.BackendException: Backend Internal error: Exception during IR lowering
File being compiled: /Users/michaelpaschenko/Desktop/NewMvvmArch/feature/afeatureimpl/src/main/java/com/example/a_feature_impl/displays/a_feature_main/fragment/AFeatureFragment.kt
The root cause java.lang.RuntimeException was thrown at: org.jetbrains.kotlin.backend.jvm.codegen.FunctionCodegen.generate(FunctionCodegen.kt:51)
	at org.jetbrains.kotlin.backend.common.CodegenUtil.reportBackendException(CodegenUtil.kt:253)
	at org.jetbrains.kotlin.backend.common.CodegenUtil.reportBackendException$default(CodegenUtil.kt:237)
	at org.jetbrains.kotlin.backend.common.phaser.PerformByIrFilePhase.invokeSequential(performByIrFile.kt:68)
	at org.jetbrains.kotlin.backend.common.phaser.PerformByIrFilePhase.invoke(performByIrFile.kt:55)
	at org.jetbrains.kotlin.backend.common.phaser.PerformByIrFilePhase.invoke(performByIrFile.kt:41)
	at org.jetbrains.kotlin.backend.common.phaser.NamedCompilerPhase.phaseBody(CompilerPhase.kt:147)
	at org.jetbrains.kotlin.backend.common.phaser.AbstractNamedCompilerPhase.invoke(CompilerPhase.kt:94)
	at org.jetbrains.kotlin.backend.common.phaser.CompositePhase.invoke(PhaseBuilders.kt:29)
	at org.jetbrains.kotlin.backend.common.phaser.CompositePhase.invoke(PhaseBuilders.kt:16)
	at org.jetbrains.kotlin.backend.common.phaser.NamedCompilerPhase.phaseBody(CompilerPhase.kt:147)
	at org.jetbrains.kotlin.backend.common.phaser.AbstractNamedCompilerPhase.invoke(CompilerPhase.kt:94)
	at org.jetbrains.kotlin.backend.common.phaser.CompilerPhaseKt.invokeToplevel(CompilerPhase.kt:43)
	at org.jetbrains.kotlin.backend.jvm.JvmIrCodegenFactory.invokeCodegen(JvmIrCodegenFactory.kt:321)
	at org.jetbrains.kotlin.cli.jvm.compiler.KotlinToJVMBytecodeCompiler.runCodegen(KotlinToJVMBytecodeCompiler.kt:348)
	at org.jetbrains.kotlin.cli.jvm.compiler.KotlinToJVMBytecodeCompiler.compileModules$cli(KotlinToJVMBytecodeCompiler.kt:123)
	at org.jetbrains.kotlin.cli.jvm.compiler.KotlinToJVMBytecodeCompiler.compileModules$cli$default(KotlinToJVMBytecodeCompiler.kt:47)
	at org.jetbrains.kotlin.cli.jvm.K2JVMCompiler.doExecute(K2JVMCompiler.kt:168)
	at org.jetbrains.kotlin.cli.jvm.K2JVMCompiler.doExecute(K2JVMCompiler.kt:53)
	at org.jetbrains.kotlin.cli.common.CLICompiler.execImpl(CLICompiler.kt:100)
	at org.jetbrains.kotlin.cli.common.CLICompiler.execImpl(CLICompiler.kt:46)
	at org.jetbrains.kotlin.cli.common.CLITool.exec(CLITool.kt:101)
	at org.jetbrains.kotlin.incremental.IncrementalJvmCompilerRunner.runCompiler(IncrementalJvmCompilerRunner.kt:495)
	at org.jetbrains.kotlin.incremental.IncrementalJvmCompilerRunner.runCompiler(IncrementalJvmCompilerRunner.kt:133)
	at org.jetbrains.kotlin.incremental.IncrementalCompilerRunner.doCompile(IncrementalCompilerRunner.kt:486)
	at org.jetbrains.kotlin.incremental.IncrementalCompilerRunner.compileImpl(IncrementalCompilerRunner.kt:409)
	at org.jetbrains.kotlin.incremental.IncrementalCompilerRunner.compileNonIncrementally(IncrementalCompilerRunner.kt:290)
	at org.jetbrains.kotlin.incremental.IncrementalCompilerRunner.compile(IncrementalCompilerRunner.kt:112)
	at org.jetbrains.kotlin.daemon.CompileServiceImplBase.execIncrementalCompiler(CompileServiceImpl.kt:627)
	at org.jetbrains.kotlin.daemon.CompileServiceImplBase.access$execIncrementalCompiler(CompileServiceImpl.kt:101)
	at org.jetbrains.kotlin.daemon.CompileServiceImpl.compile(CompileServiceImpl.kt:1587)
	at java.base/jdk.internal.reflect.NativeMethodAccessorImpl.invoke0(Native Method)
	at java.base/jdk.internal.reflect.NativeMethodAccessorImpl.invoke(NativeMethodAccessorImpl.java:77)
	at java.base/jdk.internal.reflect.DelegatingMethodAccessorImpl.invoke(DelegatingMethodAccessorImpl.java:43)
	at java.base/java.lang.reflect.Method.invoke(Method.java:568)
	at java.rmi/sun.rmi.server.UnicastServerRef.dispatch(UnicastServerRef.java:360)
	at java.rmi/sun.rmi.transport.Transport$1.run(Transport.java:200)
	at java.rmi/sun.rmi.transport.Transport$1.run(Transport.java:197)
	at java.base/java.security.AccessController.doPrivileged(AccessController.java:712)
	at java.rmi/sun.rmi.transport.Transport.serviceCall(Transport.java:196)
	at java.rmi/sun.rmi.transport.tcp.TCPTransport.handleMessages(TCPTransport.java:587)
	at java.rmi/sun.rmi.transport.tcp.TCPTransport$ConnectionHandler.run0(TCPTransport.java:828)
	at java.rmi/sun.rmi.transport.tcp.TCPTransport$ConnectionHandler.lambda$run$0(TCPTransport.java:705)
	at java.base/java.security.AccessController.doPrivileged(AccessController.java:399)
	at java.rmi/sun.rmi.transport.tcp.TCPTransport$ConnectionHandler.run(TCPTransport.java:704)
	at java.base/java.util.concurrent.ThreadPoolExecutor.runWorker(ThreadPoolExecutor.java:1136)
	at java.base/java.util.concurrent.ThreadPoolExecutor$Worker.run(ThreadPoolExecutor.java:635)
	at java.base/java.lang.Thread.run(Thread.java:833)
Caused by: java.lang.RuntimeException: Exception while generating code for:
FUN name:onCreateView visibility:public modality:OPEN <> ($this:com.example.a_feature_impl.displays.a_feature_main.fragment.AFeatureFragment, inflater:android.view.LayoutInflater, container:android.view.ViewGroup?, savedInstanceState:android.os.Bundle?) returnType:androidx.compose.ui.platform.ComposeView?
  overridden:
    public open fun onCreateView (p0: @[EnhancedNullability] android.view.LayoutInflater, p1: @[EnhancedNullability] android.view.ViewGroup?, p2: @[EnhancedNullability] android.os.Bundle?): @[EnhancedNullability] android.view.View? [fake_override] declared in com.example.common.fragment.ScopedFragment
  $this: VALUE_PARAMETER name:<this> type:com.example.a_feature_impl.displays.a_feature_main.fragment.AFeatureFragment
  VALUE_PARAMETER name:inflater index:0 type:android.view.LayoutInflater
  VALUE_PARAMETER name:container index:1 type:android.view.ViewGroup?
  VALUE_PARAMETER name:savedInstanceState index:2 type:android.os.Bundle?
  BLOCK_BODY
    RETURN type=kotlin.Nothing from='public open fun onCreateView (inflater: android.view.LayoutInflater, container: android.view.ViewGroup?, savedInstanceState: android.os.Bundle?): androidx.compose.ui.platform.ComposeView? declared in com.example.a_feature_impl.displays.a_feature_main.fragment.AFeatureFragment'
      CALL 'public final fun setContent$default (compositionStrategy: androidx.compose.ui.platform.ViewCompositionStrategy?, context: android.content.Context?, content: @[Composable] kotlin.Function0<kotlin.Unit>, $mask0: kotlin.Int, $handler: kotlin.Any?): androidx.compose.ui.platform.ComposeView? declared in com.example.common.compose.ComposeFragmentKt' type=androidx.compose.ui.platform.ComposeView? origin=DEFAULT_DISPATCH_CALL
        $receiver: GET_VAR '<this>: com.example.a_feature_impl.displays.a_feature_main.fragment.AFeatureFragment declared in com.example.a_feature_impl.displays.a_feature_main.fragment.AFeatureFragment.onCreateView' type=com.example.a_feature_impl.displays.a_feature_main.fragment.AFeatureFragment origin=null
        compositionStrategy: COMPOSITE type=androidx.compose.ui.platform.ViewCompositionStrategy? origin=DEFAULT_VALUE
          CONST Null type=androidx.compose.ui.platform.ViewCompositionStrategy? value=null
        context: COMPOSITE type=android.content.Context? origin=DEFAULT_VALUE
          CONST Null type=android.content.Context? value=null
        content: BLOCK type=com.example.a_feature_impl.displays.a_feature_main.fragment.AFeatureFragment.onCreateView.<no name provided> origin=null
          CLASS LAMBDA_IMPL CLASS name:<no name provided> modality:FINAL visibility:public/*package*/ superTypes:[kotlin.jvm.internal.Lambda; kotlin.Function0<kotlin.Unit>]
            $this: VALUE_PARAMETER INSTANCE_RECEIVER name:<this> type:com.example.a_feature_impl.displays.a_feature_main.fragment.AFeatureFragment.onCreateView.<no name provided>
            CONSTRUCTOR GENERATED_MEMBER_IN_CALLABLE_REFERENCE visibility:public/*package*/ <> () returnType:com.example.a_feature_impl.displays.a_feature_main.fragment.AFeatureFragment.onCreateView.<no name provided> [primary]
              BLOCK_BODY
                DELEGATING_CONSTRUCTOR_CALL 'public constructor <init> (arity: kotlin.Int) declared in kotlin.jvm.internal.Lambda'
                  arity: CONST Int type=kotlin.Int value=0
                BLOCK type=kotlin.Unit origin=null
            FUN name:invoke visibility:public modality:FINAL <> ($this:com.example.a_feature_impl.displays.a_feature_main.fragment.AFeatureFragment.onCreateView.<no name provided>) returnType:kotlin.Unit
              overridden:
                public abstract fun invoke (): R of kotlin.Function0 [operator] declared in kotlin.Function0
              $this: VALUE_PARAMETER INSTANCE_RECEIVER name:<this> type:com.example.a_feature_impl.displays.a_feature_main.fragment.AFeatureFragment.onCreateView.<no name provided>
              BLOCK_BODY
                CALL 'public final fun Column$default (modifier: androidx.compose.ui.Modifier?, verticalArrangement: androidx.compose.foundation.layout.Arrangement.Vertical?, horizontalAlignment: androidx.compose.ui.Alignment.Horizontal?, content: @[Composable] @[ExtensionFunctionType] kotlin.Function1<androidx.compose.foundation.layout.ColumnScope, kotlin.Unit>, $mask0: kotlin.Int, $handler: kotlin.Any?): kotlin.Unit [inline] declared in androidx.compose.foundation.layout.ColumnKt' type=kotlin.Unit origin=DEFAULT_DISPATCH_CALL
                  modifier: CALL 'public final fun clickable-XHw0xAI$default (enabled: kotlin.Boolean, onClickLabel: kotlin.String?, role: androidx.compose.ui.semantics.Role?, onClick: kotlin.Function0<kotlin.Unit>, $mask0: kotlin.Int, $handler: kotlin.Any?): androidx.compose.ui.Modifier declared in androidx.compose.foundation.ClickableKt' type=androidx.compose.ui.Modifier origin=DEFAULT_DISPATCH_CALL
                    $receiver: CALL 'public final fun fillMaxSize$default (fraction: kotlin.Float, $mask0: kotlin.Int, $handler: kotlin.Any?): androidx.compose.ui.Modifier declared in androidx.compose.foundation.layout.SizeKt' type=androidx.compose.ui.Modifier origin=DEFAULT_DISPATCH_CALL
                      $receiver: GET_FIELD 'FIELD FIELD_FOR_OBJECT_INSTANCE name:Companion type:androidx.compose.ui.Modifier.Companion visibility:public [final,static]' type=androidx.compose.ui.Modifier.Companion origin=null
                      fraction: COMPOSITE type=kotlin.Float origin=DEFAULT_VALUE
                        CONST Float type=kotlin.Float value=0.0
                      $mask0: CONST Int type=kotlin.Int value=1
                      $handler: CONST Null type=kotlin.Any? value=null
                    enabled: COMPOSITE type=kotlin.Boolean origin=DEFAULT_VALUE
                      CONST Boolean type=kotlin.Boolean value=false
                    onClickLabel: COMPOSITE type=kotlin.String? origin=DEFAULT_VALUE
                      CONST Null type=kotlin.String? value=null
                    role: COMPOSITE type=androidx.compose.ui.semantics.Role? origin=DEFAULT_VALUE
                      CONST Null type=androidx.compose.ui.semantics.Role? value=null
                    onClick: BLOCK type=com.example.a_feature_impl.displays.a_feature_main.fragment.AFeatureFragment.onCreateView.<no name provided>.invoke.<no name provided> origin=null
                      CLASS LAMBDA_IMPL CLASS name:<no name provided> modality:FINAL visibility:public/*package*/ superTypes:[kotlin.jvm.internal.Lambda; kotlin.Function0<kotlin.Unit>]
                        $this: VALUE_PARAMETER INSTANCE_RECEIVER name:<this> type:com.example.a_feature_impl.displays.a_feature_main.fragment.AFeatureFragment.onCreateView.<no name provided>.invoke.<no name provided>
                        CONSTRUCTOR GENERATED_MEMBER_IN_CALLABLE_REFERENCE visibility:public/*package*/ <> () returnType:com.example.a_feature_impl.displays.a_feature_main.fragment.AFeatureFragment.onCreateView.<no name provided>.invoke.<no name provided> [primary]
                          BLOCK_BODY
                            DELEGATING_CONSTRUCTOR_CALL 'public constructor <init> (arity: kotlin.Int) declared in kotlin.jvm.internal.Lambda'
                              arity: CONST Int type=kotlin.Int value=0
                            BLOCK type=kotlin.Unit origin=null
                        FUN name:invoke visibility:public modality:FINAL <> ($this:com.example.a_feature_impl.displays.a_feature_main.fragment.AFeatureFragment.onCreateView.<no name provided>.invoke.<no name provided>) returnType:kotlin.Unit
                          overridden:
                            public abstract fun invoke (): R of kotlin.Function0 [operator] declared in kotlin.Function0
                          $this: VALUE_PARAMETER INSTANCE_RECEIVER name:<this> type:com.example.a_feature_impl.displays.a_feature_main.fragment.AFeatureFragment.onCreateView.<no name provided>.invoke.<no name provided>
                          BLOCK_BODY
                            RETURN type=kotlin.Nothing from='public final fun invoke (): kotlin.Unit declared in com.example.a_feature_impl.displays.a_feature_main.fragment.AFeatureFragment.onCreateView.<no name provided>.invoke.<no name provided>'
                              GET_FIELD 'FIELD FIELD_FOR_OBJECT_INSTANCE name:INSTANCE type:kotlin.Unit visibility:public [final,static]' type=kotlin.Unit origin=null
                        FIELD FIELD_FOR_OBJECT_INSTANCE name:INSTANCE type:com.example.a_feature_impl.displays.a_feature_main.fragment.AFeatureFragment.onCreateView.<no name provided>.invoke.<no name provided> visibility:public [final,static]
                        FUN CLASS_STATIC_INITIALIZER name:<clinit> visibility:public/*package*/ modality:FINAL <> () returnType:kotlin.Unit
                          BLOCK_BODY
                            SET_FIELD 'FIELD FIELD_FOR_OBJECT_INSTANCE name:INSTANCE type:com.example.a_feature_impl.displays.a_feature_main.fragment.AFeatureFragment.onCreateView.<no name provided>.invoke.<no name provided> visibility:public [final,static]' type=kotlin.Unit origin=INITIALIZE_FIELD
                              value: CONSTRUCTOR_CALL 'public/*package*/ constructor <init> () [primary] declared in com.example.a_feature_impl.displays.a_feature_main.fragment.AFeatureFragment.onCreateView.<no name provided>.invoke.<no name provided>' type=com.example.a_feature_impl.displays.a_feature_main.fragment.AFeatureFragment.onCreateView.<no name provided>.invoke.<no name provided> origin=null
                        FUN BRIDGE name:invoke visibility:public modality:OPEN <> ($this:com.example.a_feature_impl.displays.a_feature_main.fragment.AFeatureFragment.onCreateView.<no name provided>.invoke.<no name provided>) returnType:kotlin.Any?
                          $this: VALUE_PARAMETER INSTANCE_RECEIVER name:<this> type:com.example.a_feature_impl.displays.a_feature_main.fragment.AFeatureFragment.onCreateView.<no name provided>.invoke.<no name provided>
                          EXPRESSION_BODY
                            RETURN type=kotlin.Nothing from='public open fun invoke (): kotlin.Any? declared in com.example.a_feature_impl.displays.a_feature_main.fragment.AFeatureFragment.onCreateView.<no name provided>.invoke.<no name provided>'
                              CALL 'public final fun invoke (): kotlin.Unit declared in com.example.a_feature_impl.displays.a_feature_main.fragment.AFeatureFragment.onCreateView.<no name provided>.invoke.<no name provided>' type=kotlin.Unit origin=BRIDGE_DELEGATION
                                $this: GET_VAR '<this>: com.example.a_feature_impl.displays.a_feature_main.fragment.AFeatureFragment.onCreateView.<no name provided>.invoke.<no name provided> declared in com.example.a_feature_impl.displays.a_feature_main.fragment.AFeatureFragment.onCreateView.<no name provided>.invoke.<no name provided>.invoke' type=com.example.a_feature_impl.displays.a_feature_main.fragment.AFeatureFragment.onCreateView.<no name provided>.invoke.<no name provided> origin=null
                      GET_FIELD 'FIELD FIELD_FOR_OBJECT_INSTANCE name:INSTANCE type:com.example.a_feature_impl.displays.a_feature_main.fragment.AFeatureFragment.onCreateView.<no name provided>.invoke.<no name provided> visibility:public [final,static]' type=com.example.a_feature_impl.displays.a_feature_main.fragment.AFeatureFragment.onCreateView.<no name provided>.invoke.<no name provided> origin=null
                    $mask0: CONST Int type=kotlin.Int value=7
                    $handler: CONST Null type=kotlin.Any? value=null
                  verticalArrangement: COMPOSITE type=androidx.compose.foundation.layout.Arrangement.Vertical? origin=DEFAULT_VALUE
                    CONST Null type=androidx.compose.foundation.layout.Arrangement.Vertical? value=null
                  horizontalAlignment: COMPOSITE type=androidx.compose.ui.Alignment.Horizontal? origin=DEFAULT_VALUE
                    CONST Null type=androidx.compose.ui.Alignment.Horizontal? value=null
                  content: BLOCK type=@[ExtensionFunctionType] kotlin.Function1<androidx.compose.foundation.layout.ColumnScope, kotlin.Unit> origin=LAMBDA
                    COMPOSITE type=kotlin.Unit origin=null
                    FUNCTION_REFERENCE 'private final fun invoke$lambda$0 (): kotlin.Unit declared in com.example.a_feature_impl.displays.a_feature_main.fragment.AFeatureFragment.onCreateView.<no name provided>' type=@[ExtensionFunctionType] kotlin.Function1<androidx.compose.foundation.layout.ColumnScope, kotlin.Unit> origin=INLINE_LAMBDA reflectionTarget=null
                  $mask0: CONST Int type=kotlin.Int value=6
                  $handler: CONST Null type=kotlin.Any? value=null
            FUN INLINE_LAMBDA name:invoke$lambda$0 visibility:private modality:FINAL <> ($receiver:androidx.compose.foundation.layout.ColumnScope) returnType:kotlin.Unit
              $receiver: VALUE_PARAMETER name:$this$Column type:androidx.compose.foundation.layout.ColumnScope
              BLOCK_BODY
                VAR name:$i$a$-Column$default-AFeatureFragment$onCreateView$1$2 type:kotlin.Int [val]
                  CONST Int type=kotlin.Int value=0
                CALL 'public final fun Text-wnt91jo$default (text: kotlin.String, modifier: androidx.compose.ui.Modifier?, color: androidx.compose.ui.graphics.Color, fontSize: androidx.compose.ui.unit.TextUnit, fontStyle: androidx.compose.ui.text.font.FontStyle?, fontWeight: androidx.compose.ui.text.font.FontWeight?, fontFamily: androidx.compose.ui.text.font.FontFamily?, letterSpacing: androidx.compose.ui.unit.TextUnit, textDecoration: androidx.compose.ui.text.style.TextDecoration?, textAlign: androidx.compose.ui.text.style.TextAlign?, lineHeight: androidx.compose.ui.unit.TextUnit, overflow: androidx.compose.ui.text.style.TextOverflow, softWrap: kotlin.Boolean, maxLines: kotlin.Int, minLines: kotlin.Int, onTextLayout: kotlin.Function1<androidx.compose.ui.text.TextLayoutResult, kotlin.Unit>?, style: androidx.compose.ui.text.TextStyle?, $mask0: kotlin.Int, $handler: kotlin.Any?): kotlin.Unit declared in androidx.compose.material3.TextKt' type=kotlin.Unit origin=DEFAULT_DISPATCH_CALL
                  text: CONST String type=kotlin.String value="asad"
                  modifier: COMPOSITE type=androidx.compose.ui.Modifier? origin=DEFAULT_VALUE
                    CONST Null type=androidx.compose.ui.Modifier? value=null
                  color: COMPOSITE type=androidx.compose.ui.graphics.Color origin=DEFAULT_VALUE
                    CALL 'public final fun <unsafe-coerce> <T, R> (v: T of kotlin.jvm.internal.<unsafe-coerce>): R of kotlin.jvm.internal.<unsafe-coerce> declared in kotlin.jvm.internal' type=androidx.compose.ui.graphics.Color origin=null
                      <T>: kotlin.Long
                      <R>: androidx.compose.ui.graphics.Color
                      v: CONST Long type=kotlin.Long value=0
                  fontSize: COMPOSITE type=androidx.compose.ui.unit.TextUnit origin=DEFAULT_VALUE
                    CALL 'public final fun <unsafe-coerce> <T, R> (v: T of kotlin.jvm.internal.<unsafe-coerce>): R of kotlin.jvm.internal.<unsafe-coerce> declared in kotlin.jvm.internal' type=androidx.compose.ui.unit.TextUnit origin=null
                      <T>: kotlin.Long
                      <R>: androidx.compose.ui.unit.TextUnit
                      v: CONST Long type=kotlin.Long value=0
                  fontStyle: COMPOSITE type=androidx.compose.ui.text.font.FontStyle? origin=DEFAULT_VALUE
                    CONST Null type=androidx.compose.ui.text.font.FontStyle? value=null
                  fontWeight: COMPOSITE type=androidx.compose.ui.text.font.FontWeight? origin=DEFAULT_VALUE
                    CONST Null type=androidx.compose.ui.text.font.FontWeight? value=null
                  fontFamily: COMPOSITE type=androidx.compose.ui.text.font.FontFamily? origin=DEFAULT_VALUE
                    CONST Null type=androidx.compose.ui.text.font.FontFamily? value=null
                  letterSpacing: COMPOSITE type=androidx.compose.ui.unit.TextUnit origin=DEFAULT_VALUE
                    CALL 'public final fun <unsafe-coerce> <T, R> (v: T of kotlin.jvm.internal.<unsafe-coerce>): R of kotlin.jvm.internal.<unsafe-coerce> declared in kotlin.jvm.internal' type=androidx.compose.ui.unit.TextUnit origin=null
                      <T>: kotlin.Long
                      <R>: androidx.compose.ui.unit.TextUnit
                      v: CONST Long type=kotlin.Long value=0
                  textDecoration: COMPOSITE type=androidx.compose.ui.text.style.TextDecoration? origin=DEFAULT_VALUE
                    CONST Null type=androidx.compose.ui.text.style.TextDecoration? value=null
                  textAlign: COMPOSITE type=androidx.compose.ui.text.style.TextAlign? origin=DEFAULT_VALUE
                    CONST Null type=androidx.compose.ui.text.style.TextAlign? value=null
                  lineHeight: COMPOSITE type=androidx.compose.ui.unit.TextUnit origin=DEFAULT_VALUE
                    CALL 'public final fun <unsafe-coerce> <T, R> (v: T of kotlin.jvm.internal.<unsafe-coerce>): R of kotlin.jvm.internal.<unsafe-coerce> declared in kotlin.jvm.internal' type=androidx.compose.ui.unit.TextUnit origin=null
                      <T>: kotlin.Long
                      <R>: androidx.compose.ui.unit.TextUnit
                      v: CONST Long type=kotlin.Long value=0
                  overflow: COMPOSITE type=androidx.compose.ui.text.style.TextOverflow origin=DEFAULT_VALUE
                    CALL 'public final fun <unsafe-coerce> <T, R> (v: T of kotlin.jvm.internal.<unsafe-coerce>): R of kotlin.jvm.internal.<unsafe-coerce> declared in kotlin.jvm.internal' type=androidx.compose.ui.text.style.TextOverflow origin=null
                      <T>: kotlin.Int
                      <R>: androidx.compose.ui.text.style.TextOverflow
                      v: CONST Int type=kotlin.Int value=0
                  softWrap: COMPOSITE type=kotlin.Boolean origin=DEFAULT_VALUE
                    CONST Boolean type=kotlin.Boolean value=false
                  maxLines: COMPOSITE type=kotlin.Int origin=DEFAULT_VALUE
                    CONST Int type=kotlin.Int value=0
                  minLines: COMPOSITE type=kotlin.Int origin=DEFAULT_VALUE
                    CONST Int type=kotlin.Int value=0
                  onTextLayout: COMPOSITE type=kotlin.Function1<androidx.compose.ui.text.TextLayoutResult, kotlin.Unit>? origin=DEFAULT_VALUE
                    CONST Null type=kotlin.Function1<androidx.compose.ui.text.TextLayoutResult, kotlin.Unit>? value=null
                  style: COMPOSITE type=androidx.compose.ui.text.TextStyle? origin=DEFAULT_VALUE
                    CONST Null type=androidx.compose.ui.text.TextStyle? value=null
                  $mask0: CONST Int type=kotlin.Int value=131070
                  $handler: CONST Null type=kotlin.Any? value=null
            FIELD FIELD_FOR_OBJECT_INSTANCE name:INSTANCE type:com.example.a_feature_impl.displays.a_feature_main.fragment.AFeatureFragment.onCreateView.<no name provided> visibility:public [final,static]
            FUN CLASS_STATIC_INITIALIZER name:<clinit> visibility:public/*package*/ modality:FINAL <> () returnType:kotlin.Unit
              BLOCK_BODY
                SET_FIELD 'FIELD FIELD_FOR_OBJECT_INSTANCE name:INSTANCE type:com.example.a_feature_impl.displays.a_feature_main.fragment.AFeatureFragment.onCreateView.<no name provided> visibility:public [final,static]' type=kotlin.Unit origin=INITIALIZE_FIELD
                  value: CONSTRUCTOR_CALL 'public/*package*/ constructor <init> () [primary] declared in com.example.a_feature_impl.displays.a_feature_main.fragment.AFeatureFragment.onCreateView.<no name provided>' type=com.example.a_feature_impl.displays.a_feature_main.fragment.AFeatureFragment.onCreateView.<no name provided> origin=null
            FUN BRIDGE name:invoke visibility:public modality:OPEN <> ($this:com.example.a_feature_impl.displays.a_feature_main.fragment.AFeatureFragment.onCreateView.<no name provided>) returnType:kotlin.Any?
              $this: VALUE_PARAMETER INSTANCE_RECEIVER name:<this> type:com.example.a_feature_impl.displays.a_feature_main.fragment.AFeatureFragment.onCreateView.<no name provided>
              EXPRESSION_BODY
                RETURN type=kotlin.Nothing from='public open fun invoke (): kotlin.Any? declared in com.example.a_feature_impl.displays.a_feature_main.fragment.AFeatureFragment.onCreateView.<no name provided>'
                  CALL 'public final fun invoke (): kotlin.Unit declared in com.example.a_feature_impl.displays.a_feature_main.fragment.AFeatureFragment.onCreateView.<no name provided>' type=kotlin.Unit origin=BRIDGE_DELEGATION
                    $this: GET_VAR '<this>: com.example.a_feature_impl.displays.a_feature_main.fragment.AFeatureFragment.onCreateView.<no name provided> declared in com.example.a_feature_impl.displays.a_feature_main.fragment.AFeatureFragment.onCreateView.<no name provided>.invoke' type=com.example.a_feature_impl.displays.a_feature_main.fragment.AFeatureFragment.onCreateView.<no name provided> origin=null
          GET_FIELD 'FIELD FIELD_FOR_OBJECT_INSTANCE name:INSTANCE type:com.example.a_feature_impl.displays.a_feature_main.fragment.AFeatureFragment.onCreateView.<no name provided> visibility:public [final,static]' type=com.example.a_feature_impl.displays.a_feature_main.fragment.AFeatureFragment.onCreateView.<no name provided> origin=null
        $mask0: CONST Int type=kotlin.Int value=3
        $handler: CONST Null type=kotlin.Any? value=null

	at org.jetbrains.kotlin.backend.jvm.codegen.FunctionCodegen.generate(FunctionCodegen.kt:51)
	at org.jetbrains.kotlin.backend.jvm.codegen.FunctionCodegen.generate$default(FunctionCodegen.kt:43)
	at org.jetbrains.kotlin.backend.jvm.codegen.ClassCodegen.generateMethodNode(ClassCodegen.kt:391)
	at org.jetbrains.kotlin.backend.jvm.codegen.ClassCodegen.generateMethod(ClassCodegen.kt:408)
	at org.jetbrains.kotlin.backend.jvm.codegen.ClassCodegen.generate(ClassCodegen.kt:170)
	at org.jetbrains.kotlin.backend.jvm.FileCodegen.lower(JvmPhases.kt:44)
	at org.jetbrains.kotlin.backend.common.phaser.FileLoweringPhaseAdapter.invoke(PhaseBuilders.kt:120)
	at org.jetbrains.kotlin.backend.common.phaser.FileLoweringPhaseAdapter.invoke(PhaseBuilders.kt:116)
	at org.jetbrains.kotlin.backend.common.phaser.NamedCompilerPhase.phaseBody(CompilerPhase.kt:147)
	at org.jetbrains.kotlin.backend.common.phaser.AbstractNamedCompilerPhase.invoke(CompilerPhase.kt:94)
	at org.jetbrains.kotlin.backend.common.phaser.PerformByIrFilePhase.invokeSequential(performByIrFile.kt:65)
	... 44 more
Caused by: java.lang.RuntimeException: Exception while generating code for:
FUN name:invoke visibility:public modality:FINAL <> ($this:com.example.a_feature_impl.displays.a_feature_main.fragment.AFeatureFragment.onCreateView.<no name provided>) returnType:kotlin.Unit
  overridden:
    public abstract fun invoke (): R of kotlin.Function0 [operator] declared in kotlin.Function0
  $this: VALUE_PARAMETER INSTANCE_RECEIVER name:<this> type:com.example.a_feature_impl.displays.a_feature_main.fragment.AFeatureFragment.onCreateView.<no name provided>
  BLOCK_BODY
    CALL 'public final fun Column$default (modifier: androidx.compose.ui.Modifier?, verticalArrangement: androidx.compose.foundation.layout.Arrangement.Vertical?, horizontalAlignment: androidx.compose.ui.Alignment.Horizontal?, content: @[Composable] @[ExtensionFunctionType] kotlin.Function1<androidx.compose.foundation.layout.ColumnScope, kotlin.Unit>, $mask0: kotlin.Int, $handler: kotlin.Any?): kotlin.Unit [inline] declared in androidx.compose.foundation.layout.ColumnKt' type=kotlin.Unit origin=DEFAULT_DISPATCH_CALL
      modifier: CALL 'public final fun clickable-XHw0xAI$default (enabled: kotlin.Boolean, onClickLabel: kotlin.String?, role: androidx.compose.ui.semantics.Role?, onClick: kotlin.Function0<kotlin.Unit>, $mask0: kotlin.Int, $handler: kotlin.Any?): androidx.compose.ui.Modifier declared in androidx.compose.foundation.ClickableKt' type=androidx.compose.ui.Modifier origin=DEFAULT_DISPATCH_CALL
        $receiver: CALL 'public final fun fillMaxSize$default (fraction: kotlin.Float, $mask0: kotlin.Int, $handler: kotlin.Any?): androidx.compose.ui.Modifier declared in androidx.compose.foundation.layout.SizeKt' type=androidx.compose.ui.Modifier origin=DEFAULT_DISPATCH_CALL
          $receiver: GET_FIELD 'FIELD FIELD_FOR_OBJECT_INSTANCE name:Companion type:androidx.compose.ui.Modifier.Companion visibility:public [final,static]' type=androidx.compose.ui.Modifier.Companion origin=null
          fraction: COMPOSITE type=kotlin.Float origin=DEFAULT_VALUE
            CONST Float type=kotlin.Float value=0.0
          $mask0: CONST Int type=kotlin.Int value=1
          $handler: CONST Null type=kotlin.Any? value=null
        enabled: COMPOSITE type=kotlin.Boolean origin=DEFAULT_VALUE
          CONST Boolean type=kotlin.Boolean value=false
        onClickLabel: COMPOSITE type=kotlin.String? origin=DEFAULT_VALUE
          CONST Null type=kotlin.String? value=null
        role: COMPOSITE type=androidx.compose.ui.semantics.Role? origin=DEFAULT_VALUE
          CONST Null type=androidx.compose.ui.semantics.Role? value=null
        onClick: BLOCK type=com.example.a_feature_impl.displays.a_feature_main.fragment.AFeatureFragment.onCreateView.<no name provided>.invoke.<no name provided> origin=null
          CLASS LAMBDA_IMPL CLASS name:<no name provided> modality:FINAL visibility:public/*package*/ superTypes:[kotlin.jvm.internal.Lambda; kotlin.Function0<kotlin.Unit>]
            $this: VALUE_PARAMETER INSTANCE_RECEIVER name:<this> type:com.example.a_feature_impl.displays.a_feature_main.fragment.AFeatureFragment.onCreateView.<no name provided>.invoke.<no name provided>
            CONSTRUCTOR GENERATED_MEMBER_IN_CALLABLE_REFERENCE visibility:public/*package*/ <> () returnType:com.example.a_feature_impl.displays.a_feature_main.fragment.AFeatureFragment.onCreateView.<no name provided>.invoke.<no name provided> [primary]
              BLOCK_BODY
                DELEGATING_CONSTRUCTOR_CALL 'public constructor <init> (arity: kotlin.Int) declared in kotlin.jvm.internal.Lambda'
                  arity: CONST Int type=kotlin.Int value=0
                BLOCK type=kotlin.Unit origin=null
            FUN name:invoke visibility:public modality:FINAL <> ($this:com.example.a_feature_impl.displays.a_feature_main.fragment.AFeatureFragment.onCreateView.<no name provided>.invoke.<no name provided>) returnType:kotlin.Unit
              overridden:
                public abstract fun invoke (): R of kotlin.Function0 [operator] declared in kotlin.Function0
              $this: VALUE_PARAMETER INSTANCE_RECEIVER name:<this> type:com.example.a_feature_impl.displays.a_feature_main.fragment.AFeatureFragment.onCreateView.<no name provided>.invoke.<no name provided>
              BLOCK_BODY
                RETURN type=kotlin.Nothing from='public final fun invoke (): kotlin.Unit declared in com.example.a_feature_impl.displays.a_feature_main.fragment.AFeatureFragment.onCreateView.<no name provided>.invoke.<no name provided>'
                  GET_FIELD 'FIELD FIELD_FOR_OBJECT_INSTANCE name:INSTANCE type:kotlin.Unit visibility:public [final,static]' type=kotlin.Unit origin=null
            FIELD FIELD_FOR_OBJECT_INSTANCE name:INSTANCE type:com.example.a_feature_impl.displays.a_feature_main.fragment.AFeatureFragment.onCreateView.<no name provided>.invoke.<no name provided> visibility:public [final,static]
            FUN CLASS_STATIC_INITIALIZER name:<clinit> visibility:public/*package*/ modality:FINAL <> () returnType:kotlin.Unit
              BLOCK_BODY
                SET_FIELD 'FIELD FIELD_FOR_OBJECT_INSTANCE name:INSTANCE type:com.example.a_feature_impl.displays.a_feature_main.fragment.AFeatureFragment.onCreateView.<no name provided>.invoke.<no name provided> visibility:public [final,static]' type=kotlin.Unit origin=INITIALIZE_FIELD
                  value: CONSTRUCTOR_CALL 'public/*package*/ constructor <init> () [primary] declared in com.example.a_feature_impl.displays.a_feature_main.fragment.AFeatureFragment.onCreateView.<no name provided>.invoke.<no name provided>' type=com.example.a_feature_impl.displays.a_feature_main.fragment.AFeatureFragment.onCreateView.<no name provided>.invoke.<no name provided> origin=null
            FUN BRIDGE name:invoke visibility:public modality:OPEN <> ($this:com.example.a_feature_impl.displays.a_feature_main.fragment.AFeatureFragment.onCreateView.<no name provided>.invoke.<no name provided>) returnType:kotlin.Any?
              $this: VALUE_PARAMETER INSTANCE_RECEIVER name:<this> type:com.example.a_feature_impl.displays.a_feature_main.fragment.AFeatureFragment.onCreateView.<no name provided>.invoke.<no name provided>
              EXPRESSION_BODY
                RETURN type=kotlin.Nothing from='public open fun invoke (): kotlin.Any? declared in com.example.a_feature_impl.displays.a_feature_main.fragment.AFeatureFragment.onCreateView.<no name provided>.invoke.<no name provided>'
                  CALL 'public final fun invoke (): kotlin.Unit declared in com.example.a_feature_impl.displays.a_feature_main.fragment.AFeatureFragment.onCreateView.<no name provided>.invoke.<no name provided>' type=kotlin.Unit origin=BRIDGE_DELEGATION
                    $this: GET_VAR '<this>: com.example.a_feature_impl.displays.a_feature_main.fragment.AFeatureFragment.onCreateView.<no name provided>.invoke.<no name provided> declared in com.example.a_feature_impl.displays.a_feature_main.fragment.AFeatureFragment.onCreateView.<no name provided>.invoke.<no name provided>.invoke' type=com.example.a_feature_impl.displays.a_feature_main.fragment.AFeatureFragment.onCreateView.<no name provided>.invoke.<no name provided> origin=null
          GET_FIELD 'FIELD FIELD_FOR_OBJECT_INSTANCE name:INSTANCE type:com.example.a_feature_impl.displays.a_feature_main.fragment.AFeatureFragment.onCreateView.<no name provided>.invoke.<no name provided> visibility:public [final,static]' type=com.example.a_feature_impl.displays.a_feature_main.fragment.AFeatureFragment.onCreateView.<no name provided>.invoke.<no name provided> origin=null
        $mask0: CONST Int type=kotlin.Int value=7
        $handler: CONST Null type=kotlin.Any? value=null
      verticalArrangement: COMPOSITE type=androidx.compose.foundation.layout.Arrangement.Vertical? origin=DEFAULT_VALUE
        CONST Null type=androidx.compose.foundation.layout.Arrangement.Vertical? value=null
      horizontalAlignment: COMPOSITE type=androidx.compose.ui.Alignment.Horizontal? origin=DEFAULT_VALUE
        CONST Null type=androidx.compose.ui.Alignment.Horizontal? value=null
      content: BLOCK type=@[ExtensionFunctionType] kotlin.Function1<androidx.compose.foundation.layout.ColumnScope, kotlin.Unit> origin=LAMBDA
        COMPOSITE type=kotlin.Unit origin=null
        FUNCTION_REFERENCE 'private final fun invoke$lambda$0 (): kotlin.Unit declared in com.example.a_feature_impl.displays.a_feature_main.fragment.AFeatureFragment.onCreateView.<no name provided>' type=@[ExtensionFunctionType] kotlin.Function1<androidx.compose.foundation.layout.ColumnScope, kotlin.Unit> origin=INLINE_LAMBDA reflectionTarget=null
      $mask0: CONST Int type=kotlin.Int value=6
      $handler: CONST Null type=kotlin.Any? value=null

	at org.jetbrains.kotlin.backend.jvm.codegen.FunctionCodegen.generate(FunctionCodegen.kt:51)
	at org.jetbrains.kotlin.backend.jvm.codegen.FunctionCodegen.generate$default(FunctionCodegen.kt:43)
	at org.jetbrains.kotlin.backend.jvm.codegen.ClassCodegen.generateMethodNode(ClassCodegen.kt:391)
	at org.jetbrains.kotlin.backend.jvm.codegen.ClassCodegen.generateMethod(ClassCodegen.kt:408)
	at org.jetbrains.kotlin.backend.jvm.codegen.ClassCodegen.generate(ClassCodegen.kt:170)
	at org.jetbrains.kotlin.backend.jvm.codegen.ExpressionCodegen.visitClass(ExpressionCodegen.kt:862)
	at org.jetbrains.kotlin.backend.jvm.codegen.ExpressionCodegen.visitClass(ExpressionCodegen.kt:132)
	at org.jetbrains.kotlin.ir.declarations.IrClass.accept(IrClass.kt:64)
	at org.jetbrains.kotlin.backend.jvm.codegen.ExpressionCodegen.visitStatementContainer(ExpressionCodegen.kt:459)
	at org.jetbrains.kotlin.backend.jvm.codegen.ExpressionCodegen.visitContainerExpression(ExpressionCodegen.kt:472)
	at org.jetbrains.kotlin.backend.jvm.codegen.ExpressionCodegen.visitContainerExpression(ExpressionCodegen.kt:132)
	at org.jetbrains.kotlin.ir.visitors.IrElementVisitor$DefaultImpls.visitBlock(IrElementVisitor.kt:192)
	at org.jetbrains.kotlin.backend.jvm.codegen.ExpressionCodegen.visitBlock(ExpressionCodegen.kt:398)
	at org.jetbrains.kotlin.backend.jvm.codegen.ExpressionCodegen.visitBlock(ExpressionCodegen.kt:132)
	at org.jetbrains.kotlin.ir.expressions.IrBlock.accept(IrBlock.kt:22)
	at org.jetbrains.kotlin.backend.jvm.codegen.ExpressionCodegen.gen(ExpressionCodegen.kt:215)
	at org.jetbrains.kotlin.backend.jvm.codegen.IrCallGenerator.genValueAndPut(IrCallGenerator.kt:48)
	at org.jetbrains.kotlin.backend.jvm.codegen.ExpressionCodegen.visitCall$handleValueParameter(ExpressionCodegen.kt:502)
	at org.jetbrains.kotlin.backend.jvm.codegen.ExpressionCodegen.visitCall(ExpressionCodegen.kt:515)
	at org.jetbrains.kotlin.backend.jvm.codegen.ExpressionCodegen.visitCall(ExpressionCodegen.kt:132)
	at org.jetbrains.kotlin.ir.expressions.IrCall.accept(IrCall.kt:25)
	at org.jetbrains.kotlin.backend.jvm.codegen.ExpressionCodegen.visitReturn(ExpressionCodegen.kt:910)
	at org.jetbrains.kotlin.backend.jvm.codegen.ExpressionCodegen.visitReturn(ExpressionCodegen.kt:132)
	at org.jetbrains.kotlin.ir.expressions.IrReturn.accept(IrReturn.kt:25)
	at org.jetbrains.kotlin.backend.jvm.codegen.ExpressionCodegen.visitStatementContainer(ExpressionCodegen.kt:459)
	at org.jetbrains.kotlin.backend.jvm.codegen.ExpressionCodegen.visitBlockBody(ExpressionCodegen.kt:463)
	at org.jetbrains.kotlin.backend.jvm.codegen.ExpressionCodegen.visitBlockBody(ExpressionCodegen.kt:132)
	at org.jetbrains.kotlin.ir.expressions.IrBlockBody.accept(IrBlockBody.kt:24)
	at org.jetbrains.kotlin.backend.jvm.codegen.ExpressionCodegen.generate(ExpressionCodegen.kt:238)
	at org.jetbrains.kotlin.backend.jvm.codegen.FunctionCodegen.doGenerate(FunctionCodegen.kt:122)
	at org.jetbrains.kotlin.backend.jvm.codegen.FunctionCodegen.generate(FunctionCodegen.kt:47)
	... 54 more
Caused by: org.jetbrains.kotlin.codegen.CompilationException: Back-end (JVM) Internal error: Couldn't inline method call: CALL 'public final fun Column$default (modifier: androidx.compose.ui.Modifier?, verticalArrangement: androidx.compose.foundation.layout.Arrangement.Vertical?, horizontalAlignment: androidx.compose.ui.Alignment.Horizontal?, content: @[Composable] @[ExtensionFunctionType] kotlin.Function1<androidx.compose.foundation.layout.ColumnScope, kotlin.Unit>, $mask0: kotlin.Int, $handler: kotlin.Any?): kotlin.Unit [inline] declared in androidx.compose.foundation.layout.ColumnKt' type=kotlin.Unit origin=DEFAULT_DISPATCH_CALL
Method: null
File is unknown
The root cause java.lang.IllegalStateException was thrown at: org.jetbrains.kotlin.codegen.inline.SourceCompilerForInlineKt.getMethodNode(SourceCompilerForInline.kt:118)
	at org.jetbrains.kotlin.codegen.inline.InlineCodegen.performInline(InlineCodegen.kt:63)
	at org.jetbrains.kotlin.backend.jvm.codegen.IrInlineCodegen.genInlineCall(IrInlineCodegen.kt:159)
	at org.jetbrains.kotlin.backend.jvm.codegen.IrInlineCallGenerator.genCall(IrInlineCallGenerator.kt:31)
	at org.jetbrains.kotlin.backend.jvm.codegen.ExpressionCodegen.visitCall(ExpressionCodegen.kt:523)
	at org.jetbrains.kotlin.backend.jvm.codegen.ExpressionCodegen.visitCall(ExpressionCodegen.kt:132)
	at org.jetbrains.kotlin.ir.expressions.IrCall.accept(IrCall.kt:25)
	at org.jetbrains.kotlin.backend.jvm.codegen.ExpressionCodegen.visitStatementContainer(ExpressionCodegen.kt:459)
	at org.jetbrains.kotlin.backend.jvm.codegen.ExpressionCodegen.visitBlockBody(ExpressionCodegen.kt:463)
	at org.jetbrains.kotlin.backend.jvm.codegen.ExpressionCodegen.visitBlockBody(ExpressionCodegen.kt:132)
	at org.jetbrains.kotlin.ir.expressions.IrBlockBody.accept(IrBlockBody.kt:24)
	at org.jetbrains.kotlin.backend.jvm.codegen.ExpressionCodegen.generate(ExpressionCodegen.kt:238)
	at org.jetbrains.kotlin.backend.jvm.codegen.FunctionCodegen.doGenerate(FunctionCodegen.kt:122)
	at org.jetbrains.kotlin.backend.jvm.codegen.FunctionCodegen.generate(FunctionCodegen.kt:47)
	... 84 more
Caused by: java.lang.IllegalStateException: couldn't find inline method Landroidx/compose/foundation/layout/ColumnKt;.Column$default(Landroidx/compose/ui/Modifier;Landroidx/compose/foundation/layout/Arrangement$Vertical;Landroidx/compose/ui/Alignment$Horizontal;Lkotlin/jvm/functions/Function1;ILjava/lang/Object;)V
	at org.jetbrains.kotlin.codegen.inline.SourceCompilerForInlineKt.getMethodNode(SourceCompilerForInline.kt:118)
	at org.jetbrains.kotlin.codegen.inline.SourceCompilerForInlineKt.loadCompiledInlineFunction(SourceCompilerForInline.kt:96)
	at org.jetbrains.kotlin.backend.jvm.codegen.IrSourceCompilerForInline.compileInlineFunction(IrSourceCompilerForInline.kt:91)
	at org.jetbrains.kotlin.codegen.inline.InlineCodegen.performInline(InlineCodegen.kt:47)
	... 96 more


