kotlin version: 1.8.21
error message: org.jetbrains.kotlin.backend.common.BackendException: Backend Internal error: Exception during IR lowering
File being compiled: /Users/michaelpaschenko/Desktop/NewMvvmArch/app/src/main/java/com/example/myapp/MainActivity.kt
The root cause java.lang.RuntimeException was thrown at: org.jetbrains.kotlin.backend.jvm.codegen.FunctionCodegen.generate(FunctionCodegen.kt:51)
	at org.jetbrains.kotlin.backend.common.CodegenUtil.reportBackendException(CodegenUtil.kt:253)
	at org.jetbrains.kotlin.backend.common.CodegenUtil.reportBackendException$default(CodegenUtil.kt:237)
	at org.jetbrains.kotlin.backend.common.phaser.PerformByIrFilePhase.invokeSequential(performByIrFile.kt:68)
	at org.jetbrains.kotlin.backend.common.phaser.PerformByIrFilePhase.invoke(performByIrFile.kt:55)
	at org.jetbrains.kotlin.backend.common.phaser.PerformByIrFilePhase.invoke(performByIrFile.kt:41)
	at org.jetbrains.kotlin.backend.common.phaser.NamedCompilerPhase.phaseBody(CompilerPhase.kt:147)
	at org.jetbrains.kotlin.backend.common.phaser.AbstractNamedCompilerPhase.invoke(CompilerPhase.kt:94)
	at org.jetbrains.kotlin.backend.common.phaser.CompositePhase.invoke(PhaseBuilders.kt:29)
	at org.jetbrains.kotlin.backend.common.phaser.CompositePhase.invoke(PhaseBuilders.kt:16)
	at org.jetbrains.kotlin.backend.common.phaser.NamedCompilerPhase.phaseBody(CompilerPhase.kt:147)
	at org.jetbrains.kotlin.backend.common.phaser.AbstractNamedCompilerPhase.invoke(CompilerPhase.kt:94)
	at org.jetbrains.kotlin.backend.common.phaser.CompilerPhaseKt.invokeToplevel(CompilerPhase.kt:43)
	at org.jetbrains.kotlin.backend.jvm.JvmIrCodegenFactory.invokeCodegen(JvmIrCodegenFactory.kt:321)
	at org.jetbrains.kotlin.cli.jvm.compiler.KotlinToJVMBytecodeCompiler.runCodegen(KotlinToJVMBytecodeCompiler.kt:348)
	at org.jetbrains.kotlin.cli.jvm.compiler.KotlinToJVMBytecodeCompiler.compileModules$cli(KotlinToJVMBytecodeCompiler.kt:123)
	at org.jetbrains.kotlin.cli.jvm.compiler.KotlinToJVMBytecodeCompiler.compileModules$cli$default(KotlinToJVMBytecodeCompiler.kt:47)
	at org.jetbrains.kotlin.cli.jvm.K2JVMCompiler.doExecute(K2JVMCompiler.kt:168)
	at org.jetbrains.kotlin.cli.jvm.K2JVMCompiler.doExecute(K2JVMCompiler.kt:53)
	at org.jetbrains.kotlin.cli.common.CLICompiler.execImpl(CLICompiler.kt:100)
	at org.jetbrains.kotlin.cli.common.CLICompiler.execImpl(CLICompiler.kt:46)
	at org.jetbrains.kotlin.cli.common.CLITool.exec(CLITool.kt:101)
	at org.jetbrains.kotlin.incremental.IncrementalJvmCompilerRunner.runCompiler(IncrementalJvmCompilerRunner.kt:495)
	at org.jetbrains.kotlin.incremental.IncrementalJvmCompilerRunner.runCompiler(IncrementalJvmCompilerRunner.kt:133)
	at org.jetbrains.kotlin.incremental.IncrementalCompilerRunner.doCompile(IncrementalCompilerRunner.kt:486)
	at org.jetbrains.kotlin.incremental.IncrementalCompilerRunner.compileImpl(IncrementalCompilerRunner.kt:409)
	at org.jetbrains.kotlin.incremental.IncrementalCompilerRunner.compileNonIncrementally(IncrementalCompilerRunner.kt:290)
	at org.jetbrains.kotlin.incremental.IncrementalCompilerRunner.compile(IncrementalCompilerRunner.kt:112)
	at org.jetbrains.kotlin.daemon.CompileServiceImplBase.execIncrementalCompiler(CompileServiceImpl.kt:627)
	at org.jetbrains.kotlin.daemon.CompileServiceImplBase.access$execIncrementalCompiler(CompileServiceImpl.kt:101)
	at org.jetbrains.kotlin.daemon.CompileServiceImpl.compile(CompileServiceImpl.kt:1587)
	at jdk.internal.reflect.GeneratedMethodAccessor108.invoke(Unknown Source)
	at java.base/jdk.internal.reflect.DelegatingMethodAccessorImpl.invoke(DelegatingMethodAccessorImpl.java:43)
	at java.base/java.lang.reflect.Method.invoke(Method.java:568)
	at java.rmi/sun.rmi.server.UnicastServerRef.dispatch(UnicastServerRef.java:360)
	at java.rmi/sun.rmi.transport.Transport$1.run(Transport.java:200)
	at java.rmi/sun.rmi.transport.Transport$1.run(Transport.java:197)
	at java.base/java.security.AccessController.doPrivileged(AccessController.java:712)
	at java.rmi/sun.rmi.transport.Transport.serviceCall(Transport.java:196)
	at java.rmi/sun.rmi.transport.tcp.TCPTransport.handleMessages(TCPTransport.java:587)
	at java.rmi/sun.rmi.transport.tcp.TCPTransport$ConnectionHandler.run0(TCPTransport.java:828)
	at java.rmi/sun.rmi.transport.tcp.TCPTransport$ConnectionHandler.lambda$run$0(TCPTransport.java:705)
	at java.base/java.security.AccessController.doPrivileged(AccessController.java:399)
	at java.rmi/sun.rmi.transport.tcp.TCPTransport$ConnectionHandler.run(TCPTransport.java:704)
	at java.base/java.util.concurrent.ThreadPoolExecutor.runWorker(ThreadPoolExecutor.java:1136)
	at java.base/java.util.concurrent.ThreadPoolExecutor$Worker.run(ThreadPoolExecutor.java:635)
	at java.base/java.lang.Thread.run(Thread.java:833)
Caused by: java.lang.RuntimeException: Exception while generating code for:
FUN CLASS_STATIC_INITIALIZER name:<clinit> visibility:public/*package*/ modality:FINAL <> () returnType:kotlin.Unit
  BLOCK_BODY
    SET_FIELD 'FIELD FIELD_FOR_OBJECT_INSTANCE name:INSTANCE type:com.example.myapp.ComposableSingletons$MainActivityKt visibility:public [final,static]' type=kotlin.Unit origin=INITIALIZE_FIELD
      value: CONSTRUCTOR_CALL 'public constructor <init> () [primary] declared in com.example.myapp.ComposableSingletons$MainActivityKt' type=com.example.myapp.ComposableSingletons$MainActivityKt origin=null
    SET_FIELD 'FIELD name:lambda-1 type:kotlin.Function3<androidx.navigation.NavBackStackEntry, androidx.compose.runtime.Composer, kotlin.Int, kotlin.Unit> visibility:internal [static]' type=kotlin.Unit origin=INITIALIZE_FIELD
      value: CALL 'public final fun composableLambdaInstance (key: kotlin.Int, tracked: kotlin.Boolean, block: kotlin.Any): androidx.compose.runtime.internal.ComposableLambda declared in androidx.compose.runtime.internal.ComposableLambdaKt' type=androidx.compose.runtime.internal.ComposableLambda origin=null
        key: CONST Int type=kotlin.Int value=-600671420
        tracked: CONST Boolean type=kotlin.Boolean value=false
        block: BLOCK type=com.example.myapp.ComposableSingletons$MainActivityKt.<clinit>.<no name provided> origin=null
          CLASS LAMBDA_IMPL CLASS name:<no name provided> modality:FINAL visibility:public/*package*/ superTypes:[kotlin.jvm.internal.Lambda; kotlin.Function3<androidx.navigation.NavBackStackEntry, androidx.compose.runtime.Composer, kotlin.Int, kotlin.Unit>]
            $this: VALUE_PARAMETER INSTANCE_RECEIVER name:<this> type:com.example.myapp.ComposableSingletons$MainActivityKt.<clinit>.<no name provided>
            CONSTRUCTOR GENERATED_MEMBER_IN_CALLABLE_REFERENCE visibility:public/*package*/ <> () returnType:com.example.myapp.ComposableSingletons$MainActivityKt.<clinit>.<no name provided> [primary]
              BLOCK_BODY
                DELEGATING_CONSTRUCTOR_CALL 'public constructor <init> (arity: kotlin.Int) declared in kotlin.jvm.internal.Lambda'
                  arity: CONST Int type=kotlin.Int value=3
                BLOCK type=kotlin.Unit origin=null
            FUN name:invoke visibility:public modality:FINAL <> ($this:com.example.myapp.ComposableSingletons$MainActivityKt.<clinit>.<no name provided>, it:androidx.navigation.NavBackStackEntry, $composer:androidx.compose.runtime.Composer?, $changed:kotlin.Int) returnType:kotlin.Unit
              annotations:
                Composable
                ComposableTarget(applier = 'androidx.compose.ui.UiComposable')
              overridden:
                public abstract fun invoke (p1: P1 of kotlin.Function3, p2: P2 of kotlin.Function3, p3: P3 of kotlin.Function3): R of kotlin.Function3 [operator] declared in kotlin.Function3
              $this: VALUE_PARAMETER INSTANCE_RECEIVER name:<this> type:com.example.myapp.ComposableSingletons$MainActivityKt.<clinit>.<no name provided>
              VALUE_PARAMETER name:it index:0 type:androidx.navigation.NavBackStackEntry
              VALUE_PARAMETER name:$composer index:1 type:androidx.compose.runtime.Composer? [assignable]
              VALUE_PARAMETER name:$changed index:2 type:kotlin.Int
              BLOCK_BODY
                CALL 'public final fun sourceInformation (composer: androidx.compose.runtime.Composer, sourceInformation: kotlin.String): kotlin.Unit declared in androidx.compose.runtime.ComposerKt' type=kotlin.Unit origin=null
                  composer: GET_VAR '$composer: androidx.compose.runtime.Composer? [assignable] declared in com.example.myapp.ComposableSingletons$MainActivityKt.<clinit>.<no name provided>.invoke' type=androidx.compose.runtime.Composer? origin=null
                  sourceInformation: CONST String type=kotlin.String value="C78@2818L12:MainActivity.kt#8zqsl8"
                COMPOSITE type=kotlin.Unit origin=null
                  WHEN type=kotlin.Unit origin=IF
                    BRANCH
                      if: CALL 'public final fun isTraceInProgress (): kotlin.Boolean declared in androidx.compose.runtime.ComposerKt' type=kotlin.Boolean origin=null
                      then: CALL 'public final fun traceEventStart (key: kotlin.Int, dirty1: kotlin.Int, dirty2: kotlin.Int, info: kotlin.String): kotlin.Unit declared in androidx.compose.runtime.ComposerKt' type=kotlin.Unit origin=null
                        key: CONST Int type=kotlin.Int value=-600671420
                        dirty1: GET_VAR '$changed: kotlin.Int declared in com.example.myapp.ComposableSingletons$MainActivityKt.<clinit>.<no name provided>.invoke' type=kotlin.Int origin=null
                        dirty2: CONST Int type=kotlin.Int value=-1
                        info: CONST String type=kotlin.String value="com.example.myapp.ComposableSingletons$MainActivityKt.lambda-1.<anonymous> (MainActivity.kt:78)"
                  CALL 'public final fun HomeScreen (homeViewModel: com.example.myapp.HomeViewModel?, $composer: androidx.compose.runtime.Composer?, $changed: kotlin.Int, $default: kotlin.Int): kotlin.Unit declared in com.example.myapp.HomeScreanKt' type=kotlin.Unit origin=null
                    homeViewModel: COMPOSITE type=kotlin.Nothing? origin=DEFAULT_VALUE
                      CONST Null type=kotlin.Nothing? value=null
                    $composer: GET_VAR '$composer: androidx.compose.runtime.Composer? [assignable] declared in com.example.myapp.ComposableSingletons$MainActivityKt.<clinit>.<no name provided>.invoke' type=androidx.compose.runtime.Composer? origin=null
                    $changed: CONST Int type=kotlin.Int value=0
                    $default: CONST Int type=kotlin.Int value=1
                  WHEN type=kotlin.Unit origin=IF
                    BRANCH
                      if: CALL 'public final fun isTraceInProgress (): kotlin.Boolean declared in androidx.compose.runtime.ComposerKt' type=kotlin.Boolean origin=null
                      then: CALL 'public final fun traceEventEnd (): kotlin.Unit declared in androidx.compose.runtime.ComposerKt' type=kotlin.Unit origin=null
            FIELD FIELD_FOR_OBJECT_INSTANCE name:INSTANCE type:com.example.myapp.ComposableSingletons$MainActivityKt.<clinit>.<no name provided> visibility:public [final,static]
            FUN CLASS_STATIC_INITIALIZER name:<clinit> visibility:public/*package*/ modality:FINAL <> () returnType:kotlin.Unit
              BLOCK_BODY
                SET_FIELD 'FIELD FIELD_FOR_OBJECT_INSTANCE name:INSTANCE type:com.example.myapp.ComposableSingletons$MainActivityKt.<clinit>.<no name provided> visibility:public [final,static]' type=kotlin.Unit origin=INITIALIZE_FIELD
                  value: CONSTRUCTOR_CALL 'public/*package*/ constructor <init> () [primary] declared in com.example.myapp.ComposableSingletons$MainActivityKt.<clinit>.<no name provided>' type=com.example.myapp.ComposableSingletons$MainActivityKt.<clinit>.<no name provided> origin=null
            FUN BRIDGE name:invoke visibility:public modality:OPEN <> ($this:com.example.myapp.ComposableSingletons$MainActivityKt.<clinit>.<no name provided>, p1:kotlin.Any?, p2:kotlin.Any?, p3:kotlin.Any?) returnType:kotlin.Any?
              $this: VALUE_PARAMETER INSTANCE_RECEIVER name:<this> type:com.example.myapp.ComposableSingletons$MainActivityKt.<clinit>.<no name provided>
              VALUE_PARAMETER BRIDGE name:p1 index:0 type:kotlin.Any?
              VALUE_PARAMETER BRIDGE name:p2 index:1 type:kotlin.Any?
              VALUE_PARAMETER BRIDGE name:p3 index:2 type:kotlin.Any?
              EXPRESSION_BODY
                RETURN type=kotlin.Nothing from='public open fun invoke (p1: kotlin.Any?, p2: kotlin.Any?, p3: kotlin.Any?): kotlin.Any? declared in com.example.myapp.ComposableSingletons$MainActivityKt.<clinit>.<no name provided>'
                  CALL 'public final fun invoke (it: androidx.navigation.NavBackStackEntry, $composer: androidx.compose.runtime.Composer?, $changed: kotlin.Int): kotlin.Unit declared in com.example.myapp.ComposableSingletons$MainActivityKt.<clinit>.<no name provided>' type=kotlin.Unit origin=BRIDGE_DELEGATION
                    $this: GET_VAR '<this>: com.example.myapp.ComposableSingletons$MainActivityKt.<clinit>.<no name provided> declared in com.example.myapp.ComposableSingletons$MainActivityKt.<clinit>.<no name provided>.invoke' type=com.example.myapp.ComposableSingletons$MainActivityKt.<clinit>.<no name provided> origin=null
                    it: TYPE_OP type=androidx.navigation.NavBackStackEntry origin=IMPLICIT_CAST typeOperand=androidx.navigation.NavBackStackEntry
                      GET_VAR 'p1: kotlin.Any? declared in com.example.myapp.ComposableSingletons$MainActivityKt.<clinit>.<no name provided>.invoke' type=kotlin.Any? origin=null
                    $composer: TYPE_OP type=androidx.compose.runtime.Composer origin=IMPLICIT_CAST typeOperand=androidx.compose.runtime.Composer
                      GET_VAR 'p2: kotlin.Any? declared in com.example.myapp.ComposableSingletons$MainActivityKt.<clinit>.<no name provided>.invoke' type=kotlin.Any? origin=null
                    $changed: TYPE_OP type=kotlin.Int origin=IMPLICIT_CAST typeOperand=kotlin.Int
                      GET_VAR 'p3: kotlin.Any? declared in com.example.myapp.ComposableSingletons$MainActivityKt.<clinit>.<no name provided>.invoke' type=kotlin.Any? origin=null
          GET_FIELD 'FIELD FIELD_FOR_OBJECT_INSTANCE name:INSTANCE type:com.example.myapp.ComposableSingletons$MainActivityKt.<clinit>.<no name provided> visibility:public [final,static]' type=com.example.myapp.ComposableSingletons$MainActivityKt.<clinit>.<no name provided> origin=null
    SET_FIELD 'FIELD name:lambda-2 type:kotlin.Function3<androidx.navigation.NavBackStackEntry, androidx.compose.runtime.Composer, kotlin.Int, kotlin.Unit> visibility:internal [static]' type=kotlin.Unit origin=INITIALIZE_FIELD
      value: CALL 'public final fun composableLambdaInstance (key: kotlin.Int, tracked: kotlin.Boolean, block: kotlin.Any): androidx.compose.runtime.internal.ComposableLambda declared in androidx.compose.runtime.internal.ComposableLambdaKt' type=androidx.compose.runtime.internal.ComposableLambda origin=null
        key: CONST Int type=kotlin.Int value=2135335346
        tracked: CONST Boolean type=kotlin.Boolean value=false
        block: BLOCK type=com.example.myapp.ComposableSingletons$MainActivityKt.<clinit>.<no name provided> origin=null
          CLASS LAMBDA_IMPL CLASS name:<no name provided> modality:FINAL visibility:public/*package*/ superTypes:[kotlin.jvm.internal.Lambda; kotlin.Function3<androidx.navigation.NavBackStackEntry, androidx.compose.runtime.Composer, kotlin.Int, kotlin.Unit>]
            $this: VALUE_PARAMETER INSTANCE_RECEIVER name:<this> type:com.example.myapp.ComposableSingletons$MainActivityKt.<clinit>.<no name provided>
            CONSTRUCTOR GENERATED_MEMBER_IN_CALLABLE_REFERENCE visibility:public/*package*/ <> () returnType:com.example.myapp.ComposableSingletons$MainActivityKt.<clinit>.<no name provided> [primary]
              BLOCK_BODY
                DELEGATING_CONSTRUCTOR_CALL 'public constructor <init> (arity: kotlin.Int) declared in kotlin.jvm.internal.Lambda'
                  arity: CONST Int type=kotlin.Int value=3
                BLOCK type=kotlin.Unit origin=null
            FUN name:invoke visibility:public modality:FINAL <> ($this:com.example.myapp.ComposableSingletons$MainActivityKt.<clinit>.<no name provided>, it:androidx.navigation.NavBackStackEntry, $composer:androidx.compose.runtime.Composer?, $changed:kotlin.Int) returnType:kotlin.Unit
              annotations:
                Composable
                ComposableTarget(applier = 'androidx.compose.ui.UiComposable')
              overridden:
                public abstract fun invoke (p1: P1 of kotlin.Function3, p2: P2 of kotlin.Function3, p3: P3 of kotlin.Function3): R of kotlin.Function3 [operator] declared in kotlin.Function3
              $this: VALUE_PARAMETER INSTANCE_RECEIVER name:<this> type:com.example.myapp.ComposableSingletons$MainActivityKt.<clinit>.<no name provided>
              VALUE_PARAMETER name:it index:0 type:androidx.navigation.NavBackStackEntry
              VALUE_PARAMETER name:$composer index:1 type:androidx.compose.runtime.Composer? [assignable]
              VALUE_PARAMETER name:$changed index:2 type:kotlin.Int
              BLOCK_BODY
                CALL 'public final fun sourceInformation (composer: androidx.compose.runtime.Composer, sourceInformation: kotlin.String): kotlin.Unit declared in androidx.compose.runtime.ComposerKt' type=kotlin.Unit origin=null
                  composer: GET_VAR '$composer: androidx.compose.runtime.Composer? [assignable] declared in com.example.myapp.ComposableSingletons$MainActivityKt.<clinit>.<no name provided>.invoke' type=androidx.compose.runtime.Composer? origin=null
                  sourceInformation: CONST String type=kotlin.String value="C83@2949L87,86@3044L22:MainActivity.kt#8zqsl8"
                COMPOSITE type=kotlin.Unit origin=null
                  WHEN type=kotlin.Unit origin=IF
                    BRANCH
                      if: CALL 'public final fun isTraceInProgress (): kotlin.Boolean declared in androidx.compose.runtime.ComposerKt' type=kotlin.Boolean origin=null
                      then: CALL 'public final fun traceEventStart (key: kotlin.Int, dirty1: kotlin.Int, dirty2: kotlin.Int, info: kotlin.String): kotlin.Unit declared in androidx.compose.runtime.ComposerKt' type=kotlin.Unit origin=null
                        key: CONST Int type=kotlin.Int value=2135335346
                        dirty1: GET_VAR '$changed: kotlin.Int declared in com.example.myapp.ComposableSingletons$MainActivityKt.<clinit>.<no name provided>.invoke' type=kotlin.Int origin=null
                        dirty2: CONST Int type=kotlin.Int value=-1
                        info: CONST String type=kotlin.String value="com.example.myapp.ComposableSingletons$MainActivityKt.lambda-2.<anonymous> (MainActivity.kt:82)"
                  VAR name:viewModel type:com.example.c_feature_impl.viewmodel.Screen2ViewModel [val]
                    CALL 'public final fun daggerViewModel <T> (key: kotlin.String?, viewModelInstanceCreator: kotlin.Function0<T of com.example.common.compose.ViewModelKt.daggerViewModel>, $composer: androidx.compose.runtime.Composer?, $changed: kotlin.Int, $default: kotlin.Int): T of com.example.common.compose.ViewModelKt.daggerViewModel [inline] declared in com.example.common.compose.ViewModelKt' type=com.example.c_feature_impl.viewmodel.Screen2ViewModel origin=null
                      <T>: com.example.c_feature_impl.viewmodel.Screen2ViewModel
                      key: COMPOSITE type=kotlin.Nothing? origin=DEFAULT_VALUE
                        CONST Null type=kotlin.Nothing? value=null
                      viewModelInstanceCreator: BLOCK type=kotlin.Function0<com.example.c_feature_impl.viewmodel.Screen2ViewModel> origin=LAMBDA
                        COMPOSITE type=kotlin.Unit origin=null
                        FUNCTION_REFERENCE 'private final fun invoke$lambda$0 (): com.example.c_feature_impl.viewmodel.Screen2ViewModel declared in com.example.myapp.ComposableSingletons$MainActivityKt.<clinit>.<no name provided>' type=kotlin.Function0<com.example.c_feature_impl.viewmodel.Screen2ViewModel> origin=INLINE_LAMBDA reflectionTarget=null
                      $composer: GET_VAR '$composer: androidx.compose.runtime.Composer? [assignable] declared in com.example.myapp.ComposableSingletons$MainActivityKt.<clinit>.<no name provided>.invoke' type=androidx.compose.runtime.Composer? origin=null
                      $changed: CONST Int type=kotlin.Int value=0
                      $default: CONST Int type=kotlin.Int value=1
                  CALL 'public final fun CMainScreen (viewModel: com.example.c_feature_impl.viewmodel.Screen2ViewModel, $composer: androidx.compose.runtime.Composer?, $changed: kotlin.Int): kotlin.Unit declared in com.example.c_feature_impl.CMainScreanKt' type=kotlin.Unit origin=null
                    viewModel: GET_VAR 'val viewModel: com.example.c_feature_impl.viewmodel.Screen2ViewModel [val] declared in com.example.myapp.ComposableSingletons$MainActivityKt.<clinit>.<no name provided>.invoke' type=com.example.c_feature_impl.viewmodel.Screen2ViewModel origin=null
                    $composer: GET_VAR '$composer: androidx.compose.runtime.Composer? [assignable] declared in com.example.myapp.ComposableSingletons$MainActivityKt.<clinit>.<no name provided>.invoke' type=androidx.compose.runtime.Composer? origin=null
                    $changed: GET_FIELD 'FIELD name:$stable type:kotlin.Int visibility:public [final,static]' type=kotlin.Int origin=null
                  WHEN type=kotlin.Unit origin=IF
                    BRANCH
                      if: CALL 'public final fun isTraceInProgress (): kotlin.Boolean declared in androidx.compose.runtime.ComposerKt' type=kotlin.Boolean origin=null
                      then: CALL 'public final fun traceEventEnd (): kotlin.Unit declared in androidx.compose.runtime.ComposerKt' type=kotlin.Unit origin=null
            FUN INLINE_LAMBDA name:invoke$lambda$0 visibility:private modality:FINAL <> () returnType:com.example.c_feature_impl.viewmodel.Screen2ViewModel
              BLOCK_BODY
                VAR name:$i$a$-daggerViewModel-ComposableSingletons$MainActivityKt$lambda-2$1$viewModel$1 type:kotlin.Int [val]
                  CONST Int type=kotlin.Int value=0
                RETURN type=kotlin.Nothing from='private final fun invoke$lambda$0 (): com.example.c_feature_impl.viewmodel.Screen2ViewModel declared in com.example.myapp.ComposableSingletons$MainActivityKt.<clinit>.<no name provided>'
                  CALL 'public abstract fun getViewModel (): com.example.c_feature_impl.viewmodel.Screen2ViewModel declared in com.example.c_feature_impl.di.CFeatureComponent' type=com.example.c_feature_impl.viewmodel.Screen2ViewModel origin=null
                    $this: CALL 'public final fun CHECK_NOT_NULL <T0> (arg0: T0 of kotlin.internal.ir.CHECK_NOT_NULL?): {T0 of kotlin.internal.ir.CHECK_NOT_NULL & Any} declared in kotlin.internal.ir' type=com.example.c_feature_impl.di.CFeatureComponent origin=EXCLEXCL
                      <T0>: com.example.c_feature_impl.di.CFeatureComponent
                      arg0: CALL 'public final fun <get-cFeatureComponent> (): com.example.c_feature_impl.di.CFeatureComponent? declared in com.example.c_feature_impl.di.CFeatureComponent.Companion' type=com.example.c_feature_impl.di.CFeatureComponent? origin=GET_PROPERTY
                        $this: GET_FIELD 'FIELD FIELD_FOR_OBJECT_INSTANCE name:Companion type:com.example.c_feature_impl.di.CFeatureComponent.Companion visibility:public [final,static]' type=com.example.c_feature_impl.di.CFeatureComponent.Companion origin=null
            FIELD FIELD_FOR_OBJECT_INSTANCE name:INSTANCE type:com.example.myapp.ComposableSingletons$MainActivityKt.<clinit>.<no name provided> visibility:public [final,static]
            FUN CLASS_STATIC_INITIALIZER name:<clinit> visibility:public/*package*/ modality:FINAL <> () returnType:kotlin.Unit
              BLOCK_BODY
                SET_FIELD 'FIELD FIELD_FOR_OBJECT_INSTANCE name:INSTANCE type:com.example.myapp.ComposableSingletons$MainActivityKt.<clinit>.<no name provided> visibility:public [final,static]' type=kotlin.Unit origin=INITIALIZE_FIELD
                  value: CONSTRUCTOR_CALL 'public/*package*/ constructor <init> () [primary] declared in com.example.myapp.ComposableSingletons$MainActivityKt.<clinit>.<no name provided>' type=com.example.myapp.ComposableSingletons$MainActivityKt.<clinit>.<no name provided> origin=null
            FUN BRIDGE name:invoke visibility:public modality:OPEN <> ($this:com.example.myapp.ComposableSingletons$MainActivityKt.<clinit>.<no name provided>, p1:kotlin.Any?, p2:kotlin.Any?, p3:kotlin.Any?) returnType:kotlin.Any?
              $this: VALUE_PARAMETER INSTANCE_RECEIVER name:<this> type:com.example.myapp.ComposableSingletons$MainActivityKt.<clinit>.<no name provided>
              VALUE_PARAMETER BRIDGE name:p1 index:0 type:kotlin.Any?
              VALUE_PARAMETER BRIDGE name:p2 index:1 type:kotlin.Any?
              VALUE_PARAMETER BRIDGE name:p3 index:2 type:kotlin.Any?
              EXPRESSION_BODY
                RETURN type=kotlin.Nothing from='public open fun invoke (p1: kotlin.Any?, p2: kotlin.Any?, p3: kotlin.Any?): kotlin.Any? declared in com.example.myapp.ComposableSingletons$MainActivityKt.<clinit>.<no name provided>'
                  CALL 'public final fun invoke (it: androidx.navigation.NavBackStackEntry, $composer: androidx.compose.runtime.Composer?, $changed: kotlin.Int): kotlin.Unit declared in com.example.myapp.ComposableSingletons$MainActivityKt.<clinit>.<no name provided>' type=kotlin.Unit origin=BRIDGE_DELEGATION
                    $this: GET_VAR '<this>: com.example.myapp.ComposableSingletons$MainActivityKt.<clinit>.<no name provided> declared in com.example.myapp.ComposableSingletons$MainActivityKt.<clinit>.<no name provided>.invoke' type=com.example.myapp.ComposableSingletons$MainActivityKt.<clinit>.<no name provided> origin=null
                    it: TYPE_OP type=androidx.navigation.NavBackStackEntry origin=IMPLICIT_CAST typeOperand=androidx.navigation.NavBackStackEntry
                      GET_VAR 'p1: kotlin.Any? declared in com.example.myapp.ComposableSingletons$MainActivityKt.<clinit>.<no name provided>.invoke' type=kotlin.Any? origin=null
                    $composer: TYPE_OP type=androidx.compose.runtime.Composer origin=IMPLICIT_CAST typeOperand=androidx.compose.runtime.Composer
                      GET_VAR 'p2: kotlin.Any? declared in com.example.myapp.ComposableSingletons$MainActivityKt.<clinit>.<no name provided>.invoke' type=kotlin.Any? origin=null
                    $changed: TYPE_OP type=kotlin.Int origin=IMPLICIT_CAST typeOperand=kotlin.Int
                      GET_VAR 'p3: kotlin.Any? declared in com.example.myapp.ComposableSingletons$MainActivityKt.<clinit>.<no name provided>.invoke' type=kotlin.Any? origin=null
          GET_FIELD 'FIELD FIELD_FOR_OBJECT_INSTANCE name:INSTANCE type:com.example.myapp.ComposableSingletons$MainActivityKt.<clinit>.<no name provided> visibility:public [final,static]' type=com.example.myapp.ComposableSingletons$MainActivityKt.<clinit>.<no name provided> origin=null
    SET_FIELD 'FIELD name:lambda-3 type:kotlin.Function3<androidx.navigation.NavBackStackEntry, androidx.compose.runtime.Composer, kotlin.Int, kotlin.Unit> visibility:internal [static]' type=kotlin.Unit origin=INITIALIZE_FIELD
      value: CALL 'public final fun composableLambdaInstance (key: kotlin.Int, tracked: kotlin.Boolean, block: kotlin.Any): androidx.compose.runtime.internal.ComposableLambda declared in androidx.compose.runtime.internal.ComposableLambdaKt' type=androidx.compose.runtime.internal.ComposableLambda origin=null
        key: CONST Int type=kotlin.Int value=-2078228740
        tracked: CONST Boolean type=kotlin.Boolean value=false
        block: BLOCK type=com.example.myapp.ComposableSingletons$MainActivityKt.<clinit>.<no name provided> origin=null
          CLASS LAMBDA_IMPL CLASS name:<no name provided> modality:FINAL visibility:public/*package*/ superTypes:[kotlin.jvm.internal.Lambda; kotlin.Function3<androidx.navigation.NavBackStackEntry, androidx.compose.runtime.Composer, kotlin.Int, kotlin.Unit>]
            $this: VALUE_PARAMETER INSTANCE_RECEIVER name:<this> type:com.example.myapp.ComposableSingletons$MainActivityKt.<clinit>.<no name provided>
            CONSTRUCTOR GENERATED_MEMBER_IN_CALLABLE_REFERENCE visibility:public/*package*/ <> () returnType:com.example.myapp.ComposableSingletons$MainActivityKt.<clinit>.<no name provided> [primary]
              BLOCK_BODY
                DELEGATING_CONSTRUCTOR_CALL 'public constructor <init> (arity: kotlin.Int) declared in kotlin.jvm.internal.Lambda'
                  arity: CONST Int type=kotlin.Int value=3
                BLOCK type=kotlin.Unit origin=null
            FUN name:invoke visibility:public modality:FINAL <> ($this:com.example.myapp.ComposableSingletons$MainActivityKt.<clinit>.<no name provided>, it:androidx.navigation.NavBackStackEntry, $composer:androidx.compose.runtime.Composer?, $changed:kotlin.Int) returnType:kotlin.Unit
              annotations:
                Composable
                ComposableTarget(applier = 'androidx.compose.ui.UiComposable')
              overridden:
                public abstract fun invoke (p1: P1 of kotlin.Function3, p2: P2 of kotlin.Function3, p3: P3 of kotlin.Function3): R of kotlin.Function3 [operator] declared in kotlin.Function3
              $this: VALUE_PARAMETER INSTANCE_RECEIVER name:<this> type:com.example.myapp.ComposableSingletons$MainActivityKt.<clinit>.<no name provided>
              VALUE_PARAMETER name:it index:0 type:androidx.navigation.NavBackStackEntry
              VALUE_PARAMETER name:$composer index:1 type:androidx.compose.runtime.Composer? [assignable]
              VALUE_PARAMETER name:$changed index:2 type:kotlin.Int
              BLOCK_BODY
                CALL 'public final fun sourceInformation (composer: androidx.compose.runtime.Composer, sourceInformation: kotlin.String): kotlin.Unit declared in androidx.compose.runtime.ComposerKt' type=kotlin.Unit origin=null
                  composer: GET_VAR '$composer: androidx.compose.runtime.Composer? [assignable] declared in com.example.myapp.ComposableSingletons$MainActivityKt.<clinit>.<no name provided>.invoke' type=androidx.compose.runtime.Composer? origin=null
                  sourceInformation: CONST String type=kotlin.String value="C91@3184L13:MainActivity.kt#8zqsl8"
                COMPOSITE type=kotlin.Unit origin=null
                  WHEN type=kotlin.Unit origin=IF
                    BRANCH
                      if: CALL 'public final fun isTraceInProgress (): kotlin.Boolean declared in androidx.compose.runtime.ComposerKt' type=kotlin.Boolean origin=null
                      then: CALL 'public final fun traceEventStart (key: kotlin.Int, dirty1: kotlin.Int, dirty2: kotlin.Int, info: kotlin.String): kotlin.Unit declared in androidx.compose.runtime.ComposerKt' type=kotlin.Unit origin=null
                        key: CONST Int type=kotlin.Int value=-2078228740
                        dirty1: GET_VAR '$changed: kotlin.Int declared in com.example.myapp.ComposableSingletons$MainActivityKt.<clinit>.<no name provided>.invoke' type=kotlin.Int origin=null
                        dirty2: CONST Int type=kotlin.Int value=-1
                        info: CONST String type=kotlin.String value="com.example.myapp.ComposableSingletons$MainActivityKt.lambda-3.<anonymous> (MainActivity.kt:91)"
                  CALL 'public final fun UsersScreen (homeViewModel: com.example.myapp.HomeViewModel?, $composer: androidx.compose.runtime.Composer?, $changed: kotlin.Int, $default: kotlin.Int): kotlin.Unit declared in com.example.myapp.HomeScreanKt' type=kotlin.Unit origin=null
                    homeViewModel: COMPOSITE type=kotlin.Nothing? origin=DEFAULT_VALUE
                      CONST Null type=kotlin.Nothing? value=null
                    $composer: GET_VAR '$composer: androidx.compose.runtime.Composer? [assignable] declared in com.example.myapp.ComposableSingletons$MainActivityKt.<clinit>.<no name provided>.invoke' type=androidx.compose.runtime.Composer? origin=null
                    $changed: CONST Int type=kotlin.Int value=0
                    $default: CONST Int type=kotlin.Int value=1
                  WHEN type=kotlin.Unit origin=IF
                    BRANCH
                      if: CALL 'public final fun isTraceInProgress (): kotlin.Boolean declared in androidx.compose.runtime.ComposerKt' type=kotlin.Boolean origin=null
                      then: CALL 'public final fun traceEventEnd (): kotlin.Unit declared in androidx.compose.runtime.ComposerKt' type=kotlin.Unit origin=null
            FIELD FIELD_FOR_OBJECT_INSTANCE name:INSTANCE type:com.example.myapp.ComposableSingletons$MainActivityKt.<clinit>.<no name provided> visibility:public [final,static]
            FUN CLASS_STATIC_INITIALIZER name:<clinit> visibility:public/*package*/ modality:FINAL <> () returnType:kotlin.Unit
              BLOCK_BODY
                SET_FIELD 'FIELD FIELD_FOR_OBJECT_INSTANCE name:INSTANCE type:com.example.myapp.ComposableSingletons$MainActivityKt.<clinit>.<no name provided> visibility:public [final,static]' type=kotlin.Unit origin=INITIALIZE_FIELD
                  value: CONSTRUCTOR_CALL 'public/*package*/ constructor <init> () [primary] declared in com.example.myapp.ComposableSingletons$MainActivityKt.<clinit>.<no name provided>' type=com.example.myapp.ComposableSingletons$MainActivityKt.<clinit>.<no name provided> origin=null
            FUN BRIDGE name:invoke visibility:public modality:OPEN <> ($this:com.example.myapp.ComposableSingletons$MainActivityKt.<clinit>.<no name provided>, p1:kotlin.Any?, p2:kotlin.Any?, p3:kotlin.Any?) returnType:kotlin.Any?
              $this: VALUE_PARAMETER INSTANCE_RECEIVER name:<this> type:com.example.myapp.ComposableSingletons$MainActivityKt.<clinit>.<no name provided>
              VALUE_PARAMETER BRIDGE name:p1 index:0 type:kotlin.Any?
              VALUE_PARAMETER BRIDGE name:p2 index:1 type:kotlin.Any?
              VALUE_PARAMETER BRIDGE name:p3 index:2 type:kotlin.Any?
              EXPRESSION_BODY
                RETURN type=kotlin.Nothing from='public open fun invoke (p1: kotlin.Any?, p2: kotlin.Any?, p3: kotlin.Any?): kotlin.Any? declared in com.example.myapp.ComposableSingletons$MainActivityKt.<clinit>.<no name provided>'
                  CALL 'public final fun invoke (it: androidx.navigation.NavBackStackEntry, $composer: androidx.compose.runtime.Composer?, $changed: kotlin.Int): kotlin.Unit declared in com.example.myapp.ComposableSingletons$MainActivityKt.<clinit>.<no name provided>' type=kotlin.Unit origin=BRIDGE_DELEGATION
                    $this: GET_VAR '<this>: com.example.myapp.ComposableSingletons$MainActivityKt.<clinit>.<no name provided> declared in com.example.myapp.ComposableSingletons$MainActivityKt.<clinit>.<no name provided>.invoke' type=com.example.myapp.ComposableSingletons$MainActivityKt.<clinit>.<no name provided> origin=null
                    it: TYPE_OP type=androidx.navigation.NavBackStackEntry origin=IMPLICIT_CAST typeOperand=androidx.navigation.NavBackStackEntry
                      GET_VAR 'p1: kotlin.Any? declared in com.example.myapp.ComposableSingletons$MainActivityKt.<clinit>.<no name provided>.invoke' type=kotlin.Any? origin=null
                    $composer: TYPE_OP type=androidx.compose.runtime.Composer origin=IMPLICIT_CAST typeOperand=androidx.compose.runtime.Composer
                      GET_VAR 'p2: kotlin.Any? declared in com.example.myapp.ComposableSingletons$MainActivityKt.<clinit>.<no name provided>.invoke' type=kotlin.Any? origin=null
                    $changed: TYPE_OP type=kotlin.Int origin=IMPLICIT_CAST typeOperand=kotlin.Int
                      GET_VAR 'p3: kotlin.Any? declared in com.example.myapp.ComposableSingletons$MainActivityKt.<clinit>.<no name provided>.invoke' type=kotlin.Any? origin=null
          GET_FIELD 'FIELD FIELD_FOR_OBJECT_INSTANCE name:INSTANCE type:com.example.myapp.ComposableSingletons$MainActivityKt.<clinit>.<no name provided> visibility:public [final,static]' type=com.example.myapp.ComposableSingletons$MainActivityKt.<clinit>.<no name provided> origin=null
    SET_FIELD 'FIELD name:lambda-4 type:kotlin.Function3<androidx.navigation.NavBackStackEntry, androidx.compose.runtime.Composer, kotlin.Int, kotlin.Unit> visibility:internal [static]' type=kotlin.Unit origin=INITIALIZE_FIELD
      value: CALL 'public final fun composableLambdaInstance (key: kotlin.Int, tracked: kotlin.Boolean, block: kotlin.Any): androidx.compose.runtime.internal.ComposableLambda declared in androidx.compose.runtime.internal.ComposableLambdaKt' type=androidx.compose.runtime.internal.ComposableLambda origin=null
        key: CONST Int type=kotlin.Int value=-130498307
        tracked: CONST Boolean type=kotlin.Boolean value=false
        block: BLOCK type=com.example.myapp.ComposableSingletons$MainActivityKt.<clinit>.<no name provided> origin=null
          CLASS LAMBDA_IMPL CLASS name:<no name provided> modality:FINAL visibility:public/*package*/ superTypes:[kotlin.jvm.internal.Lambda; kotlin.Function3<androidx.navigation.NavBackStackEntry, androidx.compose.runtime.Composer, kotlin.Int, kotlin.Unit>]
            $this: VALUE_PARAMETER INSTANCE_RECEIVER name:<this> type:com.example.myapp.ComposableSingletons$MainActivityKt.<clinit>.<no name provided>
            CONSTRUCTOR GENERATED_MEMBER_IN_CALLABLE_REFERENCE visibility:public/*package*/ <> () returnType:com.example.myapp.ComposableSingletons$MainActivityKt.<clinit>.<no name provided> [primary]
              BLOCK_BODY
                DELEGATING_CONSTRUCTOR_CALL 'public constructor <init> (arity: kotlin.Int) declared in kotlin.jvm.internal.Lambda'
                  arity: CONST Int type=kotlin.Int value=3
                BLOCK type=kotlin.Unit origin=null
            FUN name:invoke visibility:public modality:FINAL <> ($this:com.example.myapp.ComposableSingletons$MainActivityKt.<clinit>.<no name provided>, backStackEntry:androidx.navigation.NavBackStackEntry, $composer:androidx.compose.runtime.Composer?, $changed:kotlin.Int) returnType:kotlin.Unit
              annotations:
                Composable
                ComposableTarget(applier = 'androidx.compose.ui.UiComposable')
              overridden:
                public abstract fun invoke (p1: P1 of kotlin.Function3, p2: P2 of kotlin.Function3, p3: P3 of kotlin.Function3): R of kotlin.Function3 [operator] declared in kotlin.Function3
              $this: VALUE_PARAMETER INSTANCE_RECEIVER name:<this> type:com.example.myapp.ComposableSingletons$MainActivityKt.<clinit>.<no name provided>
              VALUE_PARAMETER name:backStackEntry index:0 type:androidx.navigation.NavBackStackEntry
              VALUE_PARAMETER name:$composer index:1 type:androidx.compose.runtime.Composer? [assignable]
              VALUE_PARAMETER name:$changed index:2 type:kotlin.Int
              BLOCK_BODY
                CALL 'public final fun sourceInformation (composer: androidx.compose.runtime.Composer, sourceInformation: kotlin.String): kotlin.Unit declared in androidx.compose.runtime.ComposerKt' type=kotlin.Unit origin=null
                  composer: GET_VAR '$composer: androidx.compose.runtime.Composer? [assignable] declared in com.example.myapp.ComposableSingletons$MainActivityKt.<clinit>.<no name provided>.invoke' type=androidx.compose.runtime.Composer? origin=null
                  sourceInformation: CONST String type=kotlin.String value="C102@3538L32:MainActivity.kt#8zqsl8"
                COMPOSITE type=kotlin.Unit origin=null
                  WHEN type=kotlin.Unit origin=IF
                    BRANCH
                      if: CALL 'public final fun isTraceInProgress (): kotlin.Boolean declared in androidx.compose.runtime.ComposerKt' type=kotlin.Boolean origin=null
                      then: CALL 'public final fun traceEventStart (key: kotlin.Int, dirty1: kotlin.Int, dirty2: kotlin.Int, info: kotlin.String): kotlin.Unit declared in androidx.compose.runtime.ComposerKt' type=kotlin.Unit origin=null
                        key: CONST Int type=kotlin.Int value=-130498307
                        dirty1: GET_VAR '$changed: kotlin.Int declared in com.example.myapp.ComposableSingletons$MainActivityKt.<clinit>.<no name provided>.invoke' type=kotlin.Int origin=null
                        dirty2: CONST Int type=kotlin.Int value=-1
                        info: CONST String type=kotlin.String value="com.example.myapp.ComposableSingletons$MainActivityKt.lambda-4.<anonymous> (MainActivity.kt:100)"
                  VAR name:article type:kotlin.String? [val]
                    BLOCK type=@[EnhancedNullability] kotlin.String? origin=FOLDED_SAFE_CALL
                      WHEN type=@[EnhancedNullability] kotlin.String? origin=FOLDED_SAFE_CALL
                        BRANCH
                          if: COMPOSITE type=kotlin.Boolean origin=null
                            VAR IR_TEMPORARY_VARIABLE name:tmp0_safe_receiver type:android.os.Bundle? [val]
                              CALL 'public final fun <get-arguments> (): android.os.Bundle? declared in androidx.navigation.NavBackStackEntry' type=android.os.Bundle? origin=GET_PROPERTY
                                $this: GET_VAR 'backStackEntry: androidx.navigation.NavBackStackEntry declared in com.example.myapp.ComposableSingletons$MainActivityKt.<clinit>.<no name provided>.invoke' type=androidx.navigation.NavBackStackEntry origin=null
                            CALL 'public final fun not (): kotlin.Boolean [operator] declared in kotlin.Boolean' type=kotlin.Boolean origin=null
                              $this: CALL 'public final fun EQEQ (arg0: kotlin.Any?, arg1: kotlin.Any?): kotlin.Boolean declared in kotlin.internal.ir' type=kotlin.Boolean origin=null
                                arg0: GET_VAR 'val tmp0_safe_receiver: android.os.Bundle? [val] declared in com.example.myapp.ComposableSingletons$MainActivityKt.<clinit>.<no name provided>.invoke' type=android.os.Bundle? origin=null
                                arg1: CONST Null type=kotlin.Nothing? value=null
                          then: CALL 'public open fun getString (p0: @[EnhancedNullability] kotlin.String?): @[EnhancedNullability] kotlin.String? [fake_override] declared in android.os.Bundle' type=@[EnhancedNullability] kotlin.String? origin=null
                            $this: GET_VAR 'val tmp0_safe_receiver: android.os.Bundle? [val] declared in com.example.myapp.ComposableSingletons$MainActivityKt.<clinit>.<no name provided>.invoke' type=android.os.Bundle? origin=null
                            p0: CALL 'public final fun String$arg-0$call-getString$else$when$val-article$fun-$anonymous$$arg-3$call-composable-3$fun-$anonymous$$arg-4$call-NavHost$fun-$anonymous$$arg-3$call-Column$fun-$anonymous$$arg-0$call-setContent$fun-onCreate$class-MainActivity (): kotlin.String declared in com.example.myapp.LiveLiterals$MainActivityKt' type=kotlin.String origin=null
                              $this: GET_FIELD 'FIELD FIELD_FOR_OBJECT_INSTANCE name:INSTANCE type:com.example.myapp.LiveLiterals$MainActivityKt visibility:public [final,static]' type=com.example.myapp.LiveLiterals$MainActivityKt origin=null
                        BRANCH
                          if: CONST Boolean type=kotlin.Boolean value=true
                          then: CONST Null type=kotlin.Nothing? value=null
                  CALL 'public final fun OrdersScreen (argument: kotlin.String?, homeViewModel: com.example.myapp.HomeViewModel?, onNavigateHandle: kotlin.Function1<kotlin.String, kotlin.Unit>?, $composer: androidx.compose.runtime.Composer?, $changed: kotlin.Int, $default: kotlin.Int): kotlin.Unit declared in com.example.myapp.HomeScreanKt' type=kotlin.Unit origin=null
                    argument: CALL 'public final fun toString (): kotlin.String declared in java.lang.StringBuilder' type=kotlin.String origin=null
                      $this: CALL 'public final fun append (value: kotlin.String?): java.lang.StringBuilder declared in java.lang.StringBuilder' type=java.lang.StringBuilder origin=null
                        $this: CALL 'public final fun append (value: kotlin.String?): java.lang.StringBuilder declared in java.lang.StringBuilder' type=java.lang.StringBuilder origin=null
                          $this: CONSTRUCTOR_CALL 'public constructor <init> () declared in java.lang.StringBuilder' type=java.lang.StringBuilder origin=null
                          value: CALL 'public final fun String$0$str$arg-0$call-OrdersScreen$fun-$anonymous$$arg-3$call-composable-3$fun-$anonymous$$arg-4$call-NavHost$fun-$anonymous$$arg-3$call-Column$fun-$anonymous$$arg-0$call-setContent$fun-onCreate$class-MainActivity (): kotlin.String declared in com.example.myapp.LiveLiterals$MainActivityKt' type=kotlin.String origin=null
                            $this: GET_FIELD 'FIELD FIELD_FOR_OBJECT_INSTANCE name:INSTANCE type:com.example.myapp.LiveLiterals$MainActivityKt visibility:public [final,static]' type=com.example.myapp.LiveLiterals$MainActivityKt origin=null
                        value: GET_VAR 'val article: kotlin.String? [val] declared in com.example.myapp.ComposableSingletons$MainActivityKt.<clinit>.<no name provided>.invoke' type=kotlin.String? origin=null
                    homeViewModel: COMPOSITE type=kotlin.Nothing? origin=DEFAULT_VALUE
                      CONST Null type=kotlin.Nothing? value=null
                    onNavigateHandle: COMPOSITE type=kotlin.Nothing? origin=DEFAULT_VALUE
                      CONST Null type=kotlin.Nothing? value=null
                    $composer: GET_VAR '$composer: androidx.compose.runtime.Composer? [assignable] declared in com.example.myapp.ComposableSingletons$MainActivityKt.<clinit>.<no name provided>.invoke' type=androidx.compose.runtime.Composer? origin=null
                    $changed: CONST Int type=kotlin.Int value=0
                    $default: CONST Int type=kotlin.Int value=6
                  WHEN type=kotlin.Unit origin=IF
                    BRANCH
                      if: CALL 'public final fun isTraceInProgress (): kotlin.Boolean declared in androidx.compose.runtime.ComposerKt' type=kotlin.Boolean origin=null
                      then: CALL 'public final fun traceEventEnd (): kotlin.Unit declared in androidx.compose.runtime.ComposerKt' type=kotlin.Unit origin=null
            FIELD FIELD_FOR_OBJECT_INSTANCE name:INSTANCE type:com.example.myapp.ComposableSingletons$MainActivityKt.<clinit>.<no name provided> visibility:public [final,static]
            FUN CLASS_STATIC_INITIALIZER name:<clinit> visibility:public/*package*/ modality:FINAL <> () returnType:kotlin.Unit
              BLOCK_BODY
                SET_FIELD 'FIELD FIELD_FOR_OBJECT_INSTANCE name:INSTANCE type:com.example.myapp.ComposableSingletons$MainActivityKt.<clinit>.<no name provided> visibility:public [final,static]' type=kotlin.Unit origin=INITIALIZE_FIELD
                  value: CONSTRUCTOR_CALL 'public/*package*/ constructor <init> () [primary] declared in com.example.myapp.ComposableSingletons$MainActivityKt.<clinit>.<no name provided>' type=com.example.myapp.ComposableSingletons$MainActivityKt.<clinit>.<no name provided> origin=null
            FUN BRIDGE name:invoke visibility:public modality:OPEN <> ($this:com.example.myapp.ComposableSingletons$MainActivityKt.<clinit>.<no name provided>, p1:kotlin.Any?, p2:kotlin.Any?, p3:kotlin.Any?) returnType:kotlin.Any?
              $this: VALUE_PARAMETER INSTANCE_RECEIVER name:<this> type:com.example.myapp.ComposableSingletons$MainActivityKt.<clinit>.<no name provided>
              VALUE_PARAMETER BRIDGE name:p1 index:0 type:kotlin.Any?
              VALUE_PARAMETER BRIDGE name:p2 index:1 type:kotlin.Any?
              VALUE_PARAMETER BRIDGE name:p3 index:2 type:kotlin.Any?
              EXPRESSION_BODY
                RETURN type=kotlin.Nothing from='public open fun invoke (p1: kotlin.Any?, p2: kotlin.Any?, p3: kotlin.Any?): kotlin.Any? declared in com.example.myapp.ComposableSingletons$MainActivityKt.<clinit>.<no name provided>'
                  CALL 'public final fun invoke (backStackEntry: androidx.navigation.NavBackStackEntry, $composer: androidx.compose.runtime.Composer?, $changed: kotlin.Int): kotlin.Unit declared in com.example.myapp.ComposableSingletons$MainActivityKt.<clinit>.<no name provided>' type=kotlin.Unit origin=BRIDGE_DELEGATION
                    $this: GET_VAR '<this>: com.example.myapp.ComposableSingletons$MainActivityKt.<clinit>.<no name provided> declared in com.example.myapp.ComposableSingletons$MainActivityKt.<clinit>.<no name provided>.invoke' type=com.example.myapp.ComposableSingletons$MainActivityKt.<clinit>.<no name provided> origin=null
                    backStackEntry: TYPE_OP type=androidx.navigation.NavBackStackEntry origin=IMPLICIT_CAST typeOperand=androidx.navigation.NavBackStackEntry
                      GET_VAR 'p1: kotlin.Any? declared in com.example.myapp.ComposableSingletons$MainActivityKt.<clinit>.<no name provided>.invoke' type=kotlin.Any? origin=null
                    $composer: TYPE_OP type=androidx.compose.runtime.Composer origin=IMPLICIT_CAST typeOperand=androidx.compose.runtime.Composer
                      GET_VAR 'p2: kotlin.Any? declared in com.example.myapp.ComposableSingletons$MainActivityKt.<clinit>.<no name provided>.invoke' type=kotlin.Any? origin=null
                    $changed: TYPE_OP type=kotlin.Int origin=IMPLICIT_CAST typeOperand=kotlin.Int
                      GET_VAR 'p3: kotlin.Any? declared in com.example.myapp.ComposableSingletons$MainActivityKt.<clinit>.<no name provided>.invoke' type=kotlin.Any? origin=null
          GET_FIELD 'FIELD FIELD_FOR_OBJECT_INSTANCE name:INSTANCE type:com.example.myapp.ComposableSingletons$MainActivityKt.<clinit>.<no name provided> visibility:public [final,static]' type=com.example.myapp.ComposableSingletons$MainActivityKt.<clinit>.<no name provided> origin=null

	at org.jetbrains.kotlin.backend.jvm.codegen.FunctionCodegen.generate(FunctionCodegen.kt:51)
	at org.jetbrains.kotlin.backend.jvm.codegen.FunctionCodegen.generate$default(FunctionCodegen.kt:43)
	at org.jetbrains.kotlin.backend.jvm.codegen.ClassCodegen.generateMethodNode(ClassCodegen.kt:391)
	at org.jetbrains.kotlin.backend.jvm.codegen.ClassCodegen.generateMethod(ClassCodegen.kt:408)
	at org.jetbrains.kotlin.backend.jvm.codegen.ClassCodegen.generate(ClassCodegen.kt:174)
	at org.jetbrains.kotlin.backend.jvm.FileCodegen.lower(JvmPhases.kt:44)
	at org.jetbrains.kotlin.backend.common.phaser.FileLoweringPhaseAdapter.invoke(PhaseBuilders.kt:120)
	at org.jetbrains.kotlin.backend.common.phaser.FileLoweringPhaseAdapter.invoke(PhaseBuilders.kt:116)
	at org.jetbrains.kotlin.backend.common.phaser.NamedCompilerPhase.phaseBody(CompilerPhase.kt:147)
	at org.jetbrains.kotlin.backend.common.phaser.AbstractNamedCompilerPhase.invoke(CompilerPhase.kt:94)
	at org.jetbrains.kotlin.backend.common.phaser.PerformByIrFilePhase.invokeSequential(performByIrFile.kt:65)
	... 43 more
Caused by: java.lang.RuntimeException: Exception while generating code for:
FUN name:invoke visibility:public modality:FINAL <> ($this:com.example.myapp.ComposableSingletons$MainActivityKt.<clinit>.<no name provided>, it:androidx.navigation.NavBackStackEntry, $composer:androidx.compose.runtime.Composer?, $changed:kotlin.Int) returnType:kotlin.Unit
  annotations:
    Composable
    ComposableTarget(applier = 'androidx.compose.ui.UiComposable')
  overridden:
    public abstract fun invoke (p1: P1 of kotlin.Function3, p2: P2 of kotlin.Function3, p3: P3 of kotlin.Function3): R of kotlin.Function3 [operator] declared in kotlin.Function3
  $this: VALUE_PARAMETER INSTANCE_RECEIVER name:<this> type:com.example.myapp.ComposableSingletons$MainActivityKt.<clinit>.<no name provided>
  VALUE_PARAMETER name:it index:0 type:androidx.navigation.NavBackStackEntry
  VALUE_PARAMETER name:$composer index:1 type:androidx.compose.runtime.Composer? [assignable]
  VALUE_PARAMETER name:$changed index:2 type:kotlin.Int
  BLOCK_BODY
    CALL 'public final fun sourceInformation (composer: androidx.compose.runtime.Composer, sourceInformation: kotlin.String): kotlin.Unit declared in androidx.compose.runtime.ComposerKt' type=kotlin.Unit origin=null
      composer: GET_VAR '$composer: androidx.compose.runtime.Composer? [assignable] declared in com.example.myapp.ComposableSingletons$MainActivityKt.<clinit>.<no name provided>.invoke' type=androidx.compose.runtime.Composer? origin=null
      sourceInformation: CONST String type=kotlin.String value="C83@2949L87,86@3044L22:MainActivity.kt#8zqsl8"
    COMPOSITE type=kotlin.Unit origin=null
      WHEN type=kotlin.Unit origin=IF
        BRANCH
          if: CALL 'public final fun isTraceInProgress (): kotlin.Boolean declared in androidx.compose.runtime.ComposerKt' type=kotlin.Boolean origin=null
          then: CALL 'public final fun traceEventStart (key: kotlin.Int, dirty1: kotlin.Int, dirty2: kotlin.Int, info: kotlin.String): kotlin.Unit declared in androidx.compose.runtime.ComposerKt' type=kotlin.Unit origin=null
            key: CONST Int type=kotlin.Int value=2135335346
            dirty1: GET_VAR '$changed: kotlin.Int declared in com.example.myapp.ComposableSingletons$MainActivityKt.<clinit>.<no name provided>.invoke' type=kotlin.Int origin=null
            dirty2: CONST Int type=kotlin.Int value=-1
            info: CONST String type=kotlin.String value="com.example.myapp.ComposableSingletons$MainActivityKt.lambda-2.<anonymous> (MainActivity.kt:82)"
      VAR name:viewModel type:com.example.c_feature_impl.viewmodel.Screen2ViewModel [val]
        CALL 'public final fun daggerViewModel <T> (key: kotlin.String?, viewModelInstanceCreator: kotlin.Function0<T of com.example.common.compose.ViewModelKt.daggerViewModel>, $composer: androidx.compose.runtime.Composer?, $changed: kotlin.Int, $default: kotlin.Int): T of com.example.common.compose.ViewModelKt.daggerViewModel [inline] declared in com.example.common.compose.ViewModelKt' type=com.example.c_feature_impl.viewmodel.Screen2ViewModel origin=null
          <T>: com.example.c_feature_impl.viewmodel.Screen2ViewModel
          key: COMPOSITE type=kotlin.Nothing? origin=DEFAULT_VALUE
            CONST Null type=kotlin.Nothing? value=null
          viewModelInstanceCreator: BLOCK type=kotlin.Function0<com.example.c_feature_impl.viewmodel.Screen2ViewModel> origin=LAMBDA
            COMPOSITE type=kotlin.Unit origin=null
            FUNCTION_REFERENCE 'private final fun invoke$lambda$0 (): com.example.c_feature_impl.viewmodel.Screen2ViewModel declared in com.example.myapp.ComposableSingletons$MainActivityKt.<clinit>.<no name provided>' type=kotlin.Function0<com.example.c_feature_impl.viewmodel.Screen2ViewModel> origin=INLINE_LAMBDA reflectionTarget=null
          $composer: GET_VAR '$composer: androidx.compose.runtime.Composer? [assignable] declared in com.example.myapp.ComposableSingletons$MainActivityKt.<clinit>.<no name provided>.invoke' type=androidx.compose.runtime.Composer? origin=null
          $changed: CONST Int type=kotlin.Int value=0
          $default: CONST Int type=kotlin.Int value=1
      CALL 'public final fun CMainScreen (viewModel: com.example.c_feature_impl.viewmodel.Screen2ViewModel, $composer: androidx.compose.runtime.Composer?, $changed: kotlin.Int): kotlin.Unit declared in com.example.c_feature_impl.CMainScreanKt' type=kotlin.Unit origin=null
        viewModel: GET_VAR 'val viewModel: com.example.c_feature_impl.viewmodel.Screen2ViewModel [val] declared in com.example.myapp.ComposableSingletons$MainActivityKt.<clinit>.<no name provided>.invoke' type=com.example.c_feature_impl.viewmodel.Screen2ViewModel origin=null
        $composer: GET_VAR '$composer: androidx.compose.runtime.Composer? [assignable] declared in com.example.myapp.ComposableSingletons$MainActivityKt.<clinit>.<no name provided>.invoke' type=androidx.compose.runtime.Composer? origin=null
        $changed: GET_FIELD 'FIELD name:$stable type:kotlin.Int visibility:public [final,static]' type=kotlin.Int origin=null
      WHEN type=kotlin.Unit origin=IF
        BRANCH
          if: CALL 'public final fun isTraceInProgress (): kotlin.Boolean declared in androidx.compose.runtime.ComposerKt' type=kotlin.Boolean origin=null
          then: CALL 'public final fun traceEventEnd (): kotlin.Unit declared in androidx.compose.runtime.ComposerKt' type=kotlin.Unit origin=null

	at org.jetbrains.kotlin.backend.jvm.codegen.FunctionCodegen.generate(FunctionCodegen.kt:51)
	at org.jetbrains.kotlin.backend.jvm.codegen.FunctionCodegen.generate$default(FunctionCodegen.kt:43)
	at org.jetbrains.kotlin.backend.jvm.codegen.ClassCodegen.generateMethodNode(ClassCodegen.kt:391)
	at org.jetbrains.kotlin.backend.jvm.codegen.ClassCodegen.generateMethod(ClassCodegen.kt:408)
	at org.jetbrains.kotlin.backend.jvm.codegen.ClassCodegen.generate(ClassCodegen.kt:170)
	at org.jetbrains.kotlin.backend.jvm.codegen.ExpressionCodegen.visitClass(ExpressionCodegen.kt:862)
	at org.jetbrains.kotlin.backend.jvm.codegen.ExpressionCodegen.visitClass(ExpressionCodegen.kt:132)
	at org.jetbrains.kotlin.ir.declarations.IrClass.accept(IrClass.kt:64)
	at org.jetbrains.kotlin.backend.jvm.codegen.ExpressionCodegen.visitStatementContainer(ExpressionCodegen.kt:459)
	at org.jetbrains.kotlin.backend.jvm.codegen.ExpressionCodegen.visitContainerExpression(ExpressionCodegen.kt:472)
	at org.jetbrains.kotlin.backend.jvm.codegen.ExpressionCodegen.visitContainerExpression(ExpressionCodegen.kt:132)
	at org.jetbrains.kotlin.ir.visitors.IrElementVisitor$DefaultImpls.visitBlock(IrElementVisitor.kt:192)
	at org.jetbrains.kotlin.backend.jvm.codegen.ExpressionCodegen.visitBlock(ExpressionCodegen.kt:398)
	at org.jetbrains.kotlin.backend.jvm.codegen.ExpressionCodegen.visitBlock(ExpressionCodegen.kt:132)
	at org.jetbrains.kotlin.ir.expressions.IrBlock.accept(IrBlock.kt:22)
	at org.jetbrains.kotlin.backend.jvm.codegen.ExpressionCodegen.gen(ExpressionCodegen.kt:215)
	at org.jetbrains.kotlin.backend.jvm.codegen.IrCallGenerator.genValueAndPut(IrCallGenerator.kt:48)
	at org.jetbrains.kotlin.backend.jvm.codegen.ExpressionCodegen.visitCall$handleValueParameter(ExpressionCodegen.kt:502)
	at org.jetbrains.kotlin.backend.jvm.codegen.ExpressionCodegen.visitCall(ExpressionCodegen.kt:515)
	at org.jetbrains.kotlin.backend.jvm.codegen.ExpressionCodegen.visitCall(ExpressionCodegen.kt:132)
	at org.jetbrains.kotlin.ir.expressions.IrCall.accept(IrCall.kt:25)
	at org.jetbrains.kotlin.backend.jvm.codegen.ExpressionCodegen.visitFieldAccess(ExpressionCodegen.kt:740)
	at org.jetbrains.kotlin.backend.jvm.codegen.ExpressionCodegen.visitFieldAccess(ExpressionCodegen.kt:132)
	at org.jetbrains.kotlin.ir.visitors.IrElementVisitor$DefaultImpls.visitSetField(IrElementVisitor.kt:264)
	at org.jetbrains.kotlin.backend.jvm.codegen.ExpressionCodegen.visitSetField(ExpressionCodegen.kt:770)
	at org.jetbrains.kotlin.backend.jvm.codegen.ExpressionCodegen.visitSetField(ExpressionCodegen.kt:132)
	at org.jetbrains.kotlin.ir.expressions.IrSetField.accept(IrSetField.kt:22)
	at org.jetbrains.kotlin.backend.jvm.codegen.ExpressionCodegen.visitStatementContainer(ExpressionCodegen.kt:459)
	at org.jetbrains.kotlin.backend.jvm.codegen.ExpressionCodegen.visitBlockBody(ExpressionCodegen.kt:463)
	at org.jetbrains.kotlin.backend.jvm.codegen.ExpressionCodegen.visitBlockBody(ExpressionCodegen.kt:132)
	at org.jetbrains.kotlin.ir.expressions.IrBlockBody.accept(IrBlockBody.kt:24)
	at org.jetbrains.kotlin.backend.jvm.codegen.ExpressionCodegen.generate(ExpressionCodegen.kt:238)
	at org.jetbrains.kotlin.backend.jvm.codegen.FunctionCodegen.doGenerate(FunctionCodegen.kt:122)
	at org.jetbrains.kotlin.backend.jvm.codegen.FunctionCodegen.generate(FunctionCodegen.kt:47)
	... 53 more
Caused by: org.jetbrains.kotlin.codegen.CompilationException: Back-end (JVM) Internal error: Couldn't inline method call: CALL 'public final fun daggerViewModel <T> (key: kotlin.String?, viewModelInstanceCreator: kotlin.Function0<T of com.example.common.compose.ViewModelKt.daggerViewModel>, $composer: androidx.compose.runtime.Composer?, $changed: kotlin.Int, $default: kotlin.Int): T of com.example.common.compose.ViewModelKt.daggerViewModel [inline] declared in com.example.common.compose.ViewModelKt' type=com.example.c_feature_impl.viewmodel.Screen2ViewModel origin=null
Method: null
File is unknown
The root cause java.lang.IllegalStateException was thrown at: org.jetbrains.kotlin.codegen.inline.SourceCompilerForInlineKt.getMethodNode(SourceCompilerForInline.kt:118)
	at org.jetbrains.kotlin.codegen.inline.InlineCodegen.performInline(InlineCodegen.kt:63)
	at org.jetbrains.kotlin.backend.jvm.codegen.IrInlineCodegen.genInlineCall(IrInlineCodegen.kt:159)
	at org.jetbrains.kotlin.backend.jvm.codegen.IrInlineCallGenerator.genCall(IrInlineCallGenerator.kt:31)
	at org.jetbrains.kotlin.backend.jvm.codegen.ExpressionCodegen.visitCall(ExpressionCodegen.kt:523)
	at org.jetbrains.kotlin.backend.jvm.codegen.ExpressionCodegen.visitCall(ExpressionCodegen.kt:132)
	at org.jetbrains.kotlin.ir.expressions.IrCall.accept(IrCall.kt:25)
	at org.jetbrains.kotlin.backend.jvm.codegen.ExpressionCodegen.visitVariable(ExpressionCodegen.kt:653)
	at org.jetbrains.kotlin.backend.jvm.codegen.ExpressionCodegen.visitVariable(ExpressionCodegen.kt:132)
	at org.jetbrains.kotlin.ir.declarations.IrVariable.accept(IrVariable.kt:37)
	at org.jetbrains.kotlin.backend.jvm.codegen.ExpressionCodegen.visitStatementContainer(ExpressionCodegen.kt:459)
	at org.jetbrains.kotlin.backend.jvm.codegen.ExpressionCodegen.visitContainerExpression(ExpressionCodegen.kt:472)
	at org.jetbrains.kotlin.backend.jvm.codegen.ExpressionCodegen.visitContainerExpression(ExpressionCodegen.kt:132)
	at org.jetbrains.kotlin.ir.visitors.IrElementVisitor$DefaultImpls.visitComposite(IrElementVisitor.kt:196)
	at org.jetbrains.kotlin.backend.jvm.codegen.ExpressionCodegen.visitComposite(ExpressionCodegen.kt:132)
	at org.jetbrains.kotlin.backend.jvm.codegen.ExpressionCodegen.visitComposite(ExpressionCodegen.kt:132)
	at org.jetbrains.kotlin.ir.expressions.IrComposite.accept(IrComposite.kt:22)
	at org.jetbrains.kotlin.backend.jvm.codegen.ExpressionCodegen.visitStatementContainer(ExpressionCodegen.kt:459)
	at org.jetbrains.kotlin.backend.jvm.codegen.ExpressionCodegen.visitBlockBody(ExpressionCodegen.kt:463)
	at org.jetbrains.kotlin.backend.jvm.codegen.ExpressionCodegen.visitBlockBody(ExpressionCodegen.kt:132)
	at org.jetbrains.kotlin.ir.expressions.IrBlockBody.accept(IrBlockBody.kt:24)
	at org.jetbrains.kotlin.backend.jvm.codegen.ExpressionCodegen.generate(ExpressionCodegen.kt:238)
	at org.jetbrains.kotlin.backend.jvm.codegen.FunctionCodegen.doGenerate(FunctionCodegen.kt:122)
	at org.jetbrains.kotlin.backend.jvm.codegen.FunctionCodegen.generate(FunctionCodegen.kt:47)
	... 86 more
Caused by: java.lang.IllegalStateException: couldn't find inline method Lcom/example/common/compose/ViewModelKt;.daggerViewModel(Ljava/lang/String;Lkotlin/jvm/functions/Function0;Landroidx/compose/runtime/Composer;II)Landroidx/lifecycle/ViewModel;
	at org.jetbrains.kotlin.codegen.inline.SourceCompilerForInlineKt.getMethodNode(SourceCompilerForInline.kt:118)
	at org.jetbrains.kotlin.codegen.inline.SourceCompilerForInlineKt.loadCompiledInlineFunction(SourceCompilerForInline.kt:96)
	at org.jetbrains.kotlin.backend.jvm.codegen.IrSourceCompilerForInline.compileInlineFunction(IrSourceCompilerForInline.kt:91)
	at org.jetbrains.kotlin.codegen.inline.InlineCodegen.performInline(InlineCodegen.kt:47)
	... 108 more


